2024-04-12 11:30:55,609 - INFO - Creating synths for '0n1-force'.
2024-04-12 11:32:09,561 - INFO - Knock-off'tokyo-brave-heroes' had pre/post ratio of 1.3134812087884535 saving for placebo.
2024-04-12 11:32:22,078 - INFO - Knock-off'skullzuki' had pre/post ratio of 1.4764455137574302 saving for placebo.
2024-04-12 11:32:50,236 - INFO - Knock-off'0xvampire-project' had pre/post ratio of 1.0047772431872808 saving for placebo.
2024-04-12 11:33:11,519 - INFO - Knock-off'ryokoclub' had pre/post ratio of 1.2108716066414587 saving for placebo.
2024-04-12 11:33:53,946 - INFO - Knock-off'0xzuki' had pre/post ratio of 1.4969059966174019 saving for placebo.
2024-04-12 11:33:57,297 - INFO - Knock-off'0xhunter' had pre/post ratio of 1.0475884308108248 saving for placebo.
2024-04-12 11:33:57,297 - INFO - Creating synths for '3landers'.
2024-04-12 11:34:49,291 - INFO - Knock-off'mobs-and-aliens' had pre/post ratio of 1.0824242486081757 saving for placebo.
2024-04-12 11:34:54,194 - INFO - Error encountered on Knock-off'internetfrens'
2024-04-12 11:35:52,795 - INFO - Knock-off'goodmonkeyz' had pre/post ratio of 1.3762120611776265 saving for placebo.
2024-04-12 11:36:33,445 - INFO - Error encountered on Knock-off'riotgirls'
2024-04-12 11:36:54,084 - INFO - Knock-off'gutter-punks' had pre/post ratio of 1.259402685187658 saving for placebo.
2024-04-12 11:37:02,577 - INFO - Knock-off'zoofrenz-apefrenz-2-0' had pre/post ratio of 1.5383618746887775 saving for placebo.
2024-04-12 11:37:04,088 - INFO - Knock-off'doodle-dood-nfts' had pre/post ratio of 1.2105219171945631 saving for placebo.
2024-04-12 11:39:10,285 - INFO - Creating synths for 'alienfrensnft'.
2024-04-12 11:39:33,722 - INFO - Knock-off'alien-frens-evolution' had pre/post ratio of 8.054993452758056 saving for placebo.
2024-04-12 11:39:49,114 - INFO - Knock-off'lilbabyalienfrens' had pre/post ratio of 1.045530395609581 saving for placebo.
2024-04-12 11:40:22,302 - INFO - Knock-off'monstermates' had pre/post ratio of 1.0706344093830826 saving for placebo.
2024-04-12 11:40:37,468 - INFO - Knock-off'space-boo-official-nft' had pre/post ratio of 8.81050402048865 saving for placebo.
2024-04-12 11:41:14,497 - INFO - Knock-off'coolboysofficial' had pre/post ratio of 1.9246017916449405 saving for placebo.
2024-04-12 11:41:31,326 - INFO - Error encountered on Knock-off'squishy-squad'
2024-04-12 11:42:42,538 - INFO - Knock-off'binkies' had pre/post ratio of 1.053317083043186 saving for placebo.
2024-04-12 11:43:15,061 - INFO - Knock-off'digi-sharks' had pre/post ratio of 1.074565978451578 saving for placebo.
2024-04-12 11:43:49,543 - INFO - Knock-off'slylyfoxes' had pre/post ratio of 8.81050402048865 saving for placebo.
2024-04-12 11:44:51,532 - INFO - Knock-off'fairyfiends' had pre/post ratio of 1.1864188595501999 saving for placebo.
2024-04-12 11:45:08,480 - INFO - Creating synths for 'azuki'.
2024-04-12 11:45:28,281 - INFO - Knock-off'0xzuki' had pre/post ratio of 1.6152089498272402 saving for placebo.
2024-04-12 11:46:33,006 - INFO - Knock-off'gozuki' had pre/post ratio of 1.0029973947376656 saving for placebo.
2024-04-12 11:46:49,866 - INFO - Knock-off'mekazuki' had pre/post ratio of 1.5977380782586164 saving for placebo.
2024-04-12 11:48:49,031 - INFO - Knock-off'mutant-azuki' had pre/post ratio of 3.6784813241099483 saving for placebo.
2024-04-12 11:50:04,914 - INFO - Knock-off'skullzuki' had pre/post ratio of 1.5720008689312055 saving for placebo.
2024-04-12 11:50:43,533 - INFO - Knock-off'darkzukis' had pre/post ratio of 1.3688961604675771 saving for placebo.
2024-04-12 11:51:00,154 - INFO - Knock-off'spirit-zuki' had pre/post ratio of 1.730984176365061 saving for placebo.
2024-04-12 11:51:46,304 - INFO - Knock-off'pazuki' had pre/post ratio of 1.4091385374297285 saving for placebo.
2024-04-12 11:52:46,089 - INFO - Knock-off'azuki-demon' had pre/post ratio of 1.5831289458605986 saving for placebo.
2024-04-12 11:52:48,178 - INFO - Knock-off'itsuki-v2' had pre/post ratio of 1.0482988299045355 saving for placebo.
2024-04-12 11:53:06,206 - INFO - Knock-off'fzuki' had pre/post ratio of 1.9182887864087312 saving for placebo.
2024-04-12 11:54:07,882 - INFO - Knock-off'cyberronin-haruka' had pre/post ratio of 1.5831380985949417 saving for placebo.
2024-04-12 11:54:34,371 - INFO - Knock-off'kiwami-genesis' had pre/post ratio of 3.9503020133435593 saving for placebo.
2024-04-12 11:56:08,937 - INFO - Knock-off'muribyfabrik' had pre/post ratio of 1.891520019525554 saving for placebo.
2024-04-12 11:56:42,122 - INFO - Knock-off'edo2022' had pre/post ratio of 1.0482988299045355 saving for placebo.
2024-04-12 11:58:23,201 - INFO - Knock-off'kokodinft' had pre/post ratio of 1.6587849970917552 saving for placebo.
2024-04-12 11:59:14,183 - INFO - Creating synths for 'beanzofficial'.
2024-04-12 12:02:02,668 - INFO - Creating synths for 'boredapeyachtclub'.
2024-04-12 12:02:15,013 - INFO - Knock-off'0xapes-trilogy' had pre/post ratio of 2.6532317720321568 saving for placebo.
2024-04-12 12:02:15,916 - INFO - Knock-off'japanesebornapesociety' had pre/post ratio of 1.3873004537063394 saving for placebo.
2024-04-12 12:02:25,229 - INFO - Knock-off'tiredapeyachtclub' had pre/post ratio of 1.0942135358127387 saving for placebo.
2024-04-12 12:02:25,798 - INFO - Knock-off'brokeapeclub-v2-1' had pre/post ratio of 1.3962606090223149 saving for placebo.
2024-04-12 12:02:27,075 - INFO - Knock-off'solanapesnft' had pre/post ratio of 2.7309646653723867 saving for placebo.
2024-04-12 12:02:27,694 - INFO - Knock-off'nifty-tailor-genesis' had pre/post ratio of 2.123293711463734 saving for placebo.
2024-04-12 12:02:28,170 - INFO - Knock-off'rocknroll-ape-club' had pre/post ratio of 1.041576071307391 saving for placebo.
2024-04-12 12:02:28,797 - INFO - Knock-off'mecha-ape-yacht-club' had pre/post ratio of 1.0466824310499283 saving for placebo.
2024-04-12 12:02:29,296 - INFO - Knock-off'bored-market-ape-club' had pre/post ratio of 1.0819777885458692 saving for placebo.
2024-04-12 12:02:30,355 - INFO - Knock-off'habibiapeclub' had pre/post ratio of 1.22090258463311 saving for placebo.
2024-04-12 12:02:33,062 - INFO - Knock-off'dopeapeclubdao' had pre/post ratio of 1.4029157417749232 saving for placebo.
2024-04-12 12:02:37,266 - INFO - Knock-off'old-ape-country-club-official' had pre/post ratio of 2.602980828812814 saving for placebo.
2024-04-12 12:02:37,787 - INFO - Knock-off'the-jews-nft' had pre/post ratio of 1.3309620286871449 saving for placebo.
2024-04-12 12:02:53,583 - INFO - Knock-off'boredapepixelclubofc' had pre/post ratio of 3.1558007789006908 saving for placebo.
2024-04-12 12:02:58,227 - INFO - Knock-off'banc-official' had pre/post ratio of 2.0707014765215996 saving for placebo.
2024-04-12 12:03:01,987 - INFO - Knock-off'teenrebelapeclub' had pre/post ratio of 2.6453314161533807 saving for placebo.
2024-04-12 12:03:04,833 - INFO - Knock-off'prime-ape-athlete-nft' had pre/post ratio of 1.764844040793116 saving for placebo.
2024-04-12 12:03:08,083 - INFO - Knock-off'genetically-spliced-ape-labs' had pre/post ratio of 2.5384023352249137 saving for placebo.
2024-04-12 12:03:10,746 - INFO - Knock-off'paycgenesis' had pre/post ratio of 1.0892306803982459 saving for placebo.
2024-04-12 12:03:14,229 - INFO - Knock-off'earc' had pre/post ratio of 2.152128957732587 saving for placebo.
2024-04-12 12:03:26,418 - INFO - Knock-off'frapes' had pre/post ratio of 1.0942135358127387 saving for placebo.
2024-04-12 12:03:26,717 - INFO - Knock-off'bored-of-faking--apes' had pre/post ratio of 1.4528803849039753 saving for placebo.
2024-04-12 12:03:28,814 - INFO - Knock-off'theapedads' had pre/post ratio of 2.3700913410373063 saving for placebo.
2024-04-12 12:03:30,355 - INFO - Knock-off'bobble-apes' had pre/post ratio of 1.0017076506849278 saving for placebo.
2024-04-12 12:03:33,574 - INFO - Knock-off'orangurock-resident' had pre/post ratio of 1.8692029796232228 saving for placebo.
2024-04-12 12:03:34,625 - INFO - Knock-off'the-saudi-ape' had pre/post ratio of 1.3120728212257828 saving for placebo.
2024-04-12 12:03:38,122 - INFO - Knock-off'uacofficial' had pre/post ratio of 2.4434857817090343 saving for placebo.
2024-04-12 12:03:38,661 - INFO - Knock-off'tribe-odyssey' had pre/post ratio of 1.4135669060751652 saving for placebo.
2024-04-12 12:03:39,679 - INFO - Knock-off'captainz-apes' had pre/post ratio of 1.0142683097453657 saving for placebo.
2024-04-12 12:03:43,105 - INFO - Knock-off'alienapeyachtclub' had pre/post ratio of 2.4434857817090343 saving for placebo.
2024-04-12 12:03:47,516 - INFO - Knock-off'the-bored-ape-americans' had pre/post ratio of 1.0689636010200603 saving for placebo.
2024-04-12 12:03:51,143 - INFO - Knock-off'mutant-apewives' had pre/post ratio of 2.110860788516291 saving for placebo.
2024-04-12 12:03:57,871 - INFO - Knock-off'zombie-apes-official-nft' had pre/post ratio of 2.123293711463734 saving for placebo.
2024-04-12 12:04:10,540 - INFO - Knock-off'pirate-apes' had pre/post ratio of 1.0405721949831541 saving for placebo.
2024-04-12 12:04:11,674 - INFO - Knock-off'madapeyachtclub' had pre/post ratio of 1.0300565442644085 saving for placebo.
2024-04-12 12:04:12,192 - INFO - Knock-off'mad-monkey-sea-club' had pre/post ratio of 1.035074003685199 saving for placebo.
2024-04-12 12:04:14,194 - INFO - Knock-off'goodfellas-ape-club-official-collection' had pre/post ratio of 1.418076134676621 saving for placebo.
2024-04-12 12:04:15,225 - INFO - Knock-off'maybeapes' had pre/post ratio of 1.019465417049122 saving for placebo.
2024-04-12 12:04:16,366 - INFO - Knock-off'bbyc-bored-bits-yacht-club' had pre/post ratio of 1.3975492179108855 saving for placebo.
2024-04-12 12:04:19,234 - INFO - Knock-off'exotic-apes-v2' had pre/post ratio of 2.029602316858581 saving for placebo.
2024-04-12 12:04:23,047 - INFO - Knock-off'official-apezuki' had pre/post ratio of 2.195621959407536 saving for placebo.
2024-04-12 12:04:27,254 - INFO - Knock-off'desperate-ape-wives' had pre/post ratio of 1.4897643947812764 saving for placebo.
2024-04-12 12:04:29,011 - INFO - Knock-off'rektapecopeclub' had pre/post ratio of 1.3064928715678275 saving for placebo.
2024-04-12 12:04:32,766 - INFO - Knock-off'sac' had pre/post ratio of 2.5384023352249137 saving for placebo.
2024-04-12 12:04:34,151 - INFO - Knock-off'okay-joyful-ape-yacht-club-v2' had pre/post ratio of 1.3420857101161265 saving for placebo.
2024-04-12 12:04:39,108 - INFO - Knock-off'junglebay' had pre/post ratio of 2.4636781274422996 saving for placebo.
2024-04-12 12:04:40,165 - INFO - Knock-off'blockchain-frenz-nft' had pre/post ratio of 1.22090258463311 saving for placebo.
2024-04-12 12:04:47,466 - INFO - Knock-off'boredtateyachtclub' had pre/post ratio of 1.01968143396446 saving for placebo.
2024-04-12 12:04:47,995 - INFO - Knock-off'bored-grinchmas-club' had pre/post ratio of 1.0493630608818014 saving for placebo.
2024-04-12 12:04:51,480 - INFO - Knock-off'the-club-of-cool-apes' had pre/post ratio of 2.435711131731099 saving for placebo.
2024-04-12 12:04:52,386 - INFO - Knock-off'bored-goblin-yacht-club-wtf' had pre/post ratio of 1.3421205010820747 saving for placebo.
2024-04-12 12:04:55,895 - INFO - Knock-off'peacefulapes' had pre/post ratio of 1.3534483797164283 saving for placebo.
2024-04-12 12:04:56,364 - INFO - Knock-off'buildanape' had pre/post ratio of 1.0288651994025597 saving for placebo.
2024-04-12 12:05:05,683 - INFO - Knock-off'fat-rat-mafia' had pre/post ratio of 1.0224976731067905 saving for placebo.
2024-04-12 12:05:06,197 - INFO - Knock-off'wildgoatgang' had pre/post ratio of 1.9304365599350461 saving for placebo.
2024-04-12 12:05:09,558 - INFO - Knock-off'colorful-ape-club-official' had pre/post ratio of 2.638773214850984 saving for placebo.
2024-04-12 12:05:10,711 - INFO - Knock-off'gldb-concert-nft-gldb' had pre/post ratio of 1.0531687030873904 saving for placebo.
2024-04-12 12:05:13,992 - INFO - Knock-off'yungapesquad' had pre/post ratio of 2.3679044200769743 saving for placebo.
2024-04-12 12:05:13,992 - INFO - Creating synths for 'chain-runners-nft'.
2024-04-12 12:05:32,351 - INFO - Knock-off'dall-e-punks' had pre/post ratio of 1.3193044095108866 saving for placebo.
2024-04-12 12:05:33,676 - INFO - Knock-off'crazyrichyellows' had pre/post ratio of 1.919530275984367 saving for placebo.
2024-04-12 12:05:38,346 - INFO - Knock-off'panksnotded' had pre/post ratio of 2.3650011848517636 saving for placebo.
2024-04-12 12:05:39,575 - INFO - Error encountered on Knock-off'ogczcollection'
2024-04-12 12:05:39,575 - INFO - Creating synths for 'clonex'.
2024-04-12 12:06:35,505 - INFO - Knock-off'partyicons-ogx-official' had pre/post ratio of 1.006742813446345 saving for placebo.
2024-04-12 12:06:36,736 - INFO - Knock-off'alterbase-by-smtc' had pre/post ratio of 1.040944841922961 saving for placebo.
2024-04-12 12:06:47,316 - INFO - Knock-off'goofies-official' had pre/post ratio of 1.1046924004685392 saving for placebo.
2024-04-12 12:06:47,324 - INFO - Error encountered on Knock-off'miladyfashion'
2024-04-12 12:06:49,149 - INFO - Creating synths for 'cool-cats-nft'.
2024-04-12 12:07:02,976 - INFO - Knock-off'zombiecat' had pre/post ratio of 1.8771483906700162 saving for placebo.
2024-04-12 12:07:14,666 - INFO - Knock-off'coolboysofficial' had pre/post ratio of 1.809711876868 saving for placebo.
2024-04-12 12:07:17,838 - INFO - Knock-off'binkies' had pre/post ratio of 1.7010289058005394 saving for placebo.
2024-04-12 12:07:35,166 - INFO - Knock-off'digi-sharks' had pre/post ratio of 1.2513882770513927 saving for placebo.
2024-04-12 12:07:48,123 - INFO - Knock-off'alienfrensnft' had pre/post ratio of 1.1632904760080711 saving for placebo.
2024-04-12 12:08:05,733 - INFO - Knock-off'space-boo-official-nft' had pre/post ratio of 1.4133805810284692 saving for placebo.
2024-04-12 12:08:44,701 - INFO - Knock-off'beepos' had pre/post ratio of 1.1984599180727844 saving for placebo.
2024-04-12 12:08:45,992 - INFO - Knock-off'rarebunniclub' had pre/post ratio of 5.096507187520741 saving for placebo.
2024-04-12 12:08:55,387 - INFO - Knock-off'coolmonkes' had pre/post ratio of 1.9760849167278447 saving for placebo.
2024-04-12 12:09:11,146 - INFO - Knock-off'coodles' had pre/post ratio of 1.8251490401316706 saving for placebo.
2024-04-12 12:09:12,293 - INFO - Knock-off'schrtdingers-cat-nft' had pre/post ratio of 1.8373138821753794 saving for placebo.
2024-04-12 12:09:14,693 - INFO - Knock-off'fishyfam' had pre/post ratio of 1.7371195462414417 saving for placebo.
2024-04-12 12:09:28,101 - INFO - Knock-off'cooldogsofficial' had pre/post ratio of 1.0839197389855735 saving for placebo.
2024-04-12 12:09:46,338 - INFO - Knock-off'wonderpals' had pre/post ratio of 1.411259907978888 saving for placebo.
2024-04-12 12:09:46,999 - INFO - Knock-off'rainbowcatsnft' had pre/post ratio of 1.9886841007760214 saving for placebo.
2024-04-12 12:09:47,692 - INFO - Knock-off'moshimochi' had pre/post ratio of 1.4734209672317067 saving for placebo.
2024-04-12 12:09:50,658 - INFO - Knock-off'skellycats' had pre/post ratio of 1.7741806261402453 saving for placebo.
2024-04-12 12:10:27,535 - INFO - Knock-off'flufferz' had pre/post ratio of 1.3703376529828102 saving for placebo.
2024-04-12 12:10:58,288 - INFO - Knock-off'caboodles' had pre/post ratio of 1.0314566827007032 saving for placebo.
2024-04-12 12:11:12,168 - INFO - Knock-off'cosmodinos-alpha' had pre/post ratio of 1.2680044243880169 saving for placebo.
2024-04-12 12:11:12,763 - INFO - Knock-off'thepppandas' had pre/post ratio of 5.065183860282031 saving for placebo.
2024-04-12 12:11:13,209 - INFO - Knock-off'fanggangnft' had pre/post ratio of 1.0864615601660792 saving for placebo.
2024-04-12 12:11:13,852 - INFO - Knock-off'coolapeclubofficial' had pre/post ratio of 1.3162789200371228 saving for placebo.
2024-04-12 12:11:34,104 - INFO - Knock-off'winterbears' had pre/post ratio of 5.424042234822757 saving for placebo.
2024-04-12 12:11:51,113 - INFO - Knock-off'meowforce' had pre/post ratio of 1.7010289058005394 saving for placebo.
2024-04-12 12:11:56,961 - INFO - Knock-off'retrooootown' had pre/post ratio of 1.5871414922083438 saving for placebo.
2024-04-12 12:11:57,775 - INFO - Knock-off'cutetis' had pre/post ratio of 1.8606343821788107 saving for placebo.
2024-04-12 12:12:53,802 - INFO - Knock-off'alien-frens-evolution' had pre/post ratio of 1.5993467946279984 saving for placebo.
2024-04-12 12:13:04,131 - INFO - Knock-off'chill-frogs' had pre/post ratio of 1.6867830314822616 saving for placebo.
2024-04-12 12:13:12,737 - INFO - Knock-off'krazykoalas' had pre/post ratio of 2.143622597503274 saving for placebo.
2024-04-12 12:13:15,546 - INFO - Knock-off'ghost-cats-official' had pre/post ratio of 1.0290429019609344 saving for placebo.
2024-04-12 12:13:16,026 - INFO - Knock-off'stranger-eggz' had pre/post ratio of 1.3777100541589016 saving for placebo.
2024-04-12 12:13:16,637 - INFO - Knock-off'axolittles' had pre/post ratio of 1.8571109146006992 saving for placebo.
2024-04-12 12:13:30,967 - INFO - Knock-off'the-moonkysnft' had pre/post ratio of 1.8606343821788107 saving for placebo.
2024-04-12 12:13:31,417 - INFO - Knock-off'skeletalcatsofficial' had pre/post ratio of 1.8157068975776547 saving for placebo.
2024-04-12 12:13:36,642 - INFO - Knock-off'therandomsnfts' had pre/post ratio of 1.4774928031809165 saving for placebo.
2024-04-12 12:13:37,086 - INFO - Knock-off'summerbears' had pre/post ratio of 1.5230784886085036 saving for placebo.
2024-04-12 12:13:38,681 - INFO - Knock-off'noevilmonkeysnft' had pre/post ratio of 1.4133805810284692 saving for placebo.
2024-04-12 12:13:40,218 - INFO - Knock-off'slylyfoxes' had pre/post ratio of 1.4133805810284692 saving for placebo.
2024-04-12 12:13:49,103 - INFO - Knock-off'barn-owlz' had pre/post ratio of 1.5403511936971281 saving for placebo.
2024-04-12 12:13:49,876 - INFO - Knock-off'thealiendoogle' had pre/post ratio of 2.0295933411561875 saving for placebo.
2024-04-12 12:14:05,443 - INFO - Knock-off'3l3phants-official' had pre/post ratio of 1.734393153835689 saving for placebo.
2024-04-12 12:14:14,031 - INFO - Knock-off'kuddle-koalas' had pre/post ratio of 1.138925945739857 saving for placebo.
2024-04-12 12:14:14,701 - INFO - Knock-off'doodlefrensnft' had pre/post ratio of 1.9559614751923806 saving for placebo.
2024-04-12 12:14:32,384 - INFO - Knock-off'deadfellaz' had pre/post ratio of 2.530844342928773 saving for placebo.
2024-04-12 12:14:45,706 - INFO - Knock-off'coolpenguinswtf' had pre/post ratio of 1.1005796104759868 saving for placebo.
2024-04-12 12:15:09,056 - INFO - Knock-off'mechacatcrewnft' had pre/post ratio of 1.0564401273619395 saving for placebo.
2024-04-12 12:15:11,236 - INFO - Creating synths for 'coolmans-universe'.
2024-04-12 12:15:20,703 - INFO - Knock-off'candyconytown' had pre/post ratio of 1.091377402177759 saving for placebo.
2024-04-12 12:15:38,340 - INFO - Knock-off'fairyfiends' had pre/post ratio of 1.1239328487322764 saving for placebo.
2024-04-12 12:16:08,013 - INFO - Knock-off'wonderpals' had pre/post ratio of 1.2754118092160085 saving for placebo.
2024-04-12 12:17:18,517 - INFO - Knock-off'space-boo-official-nft' had pre/post ratio of 10.022601787045126 saving for placebo.
2024-04-12 12:17:38,420 - INFO - Knock-off'chillbearclub-genesis' had pre/post ratio of 6.296071311077297 saving for placebo.
2024-04-12 12:18:28,186 - INFO - Knock-off'live-like-a-cat-nekonoyouniikiru' had pre/post ratio of 1.0315943381798012 saving for placebo.
2024-04-12 12:18:48,266 - INFO - Creating synths for 'cryptodickbutts-s3'.
2024-04-12 12:18:54,604 - INFO - Knock-off'pudgydickbutts' had pre/post ratio of 2.7843010953552363 saving for placebo.
2024-04-12 12:18:58,597 - INFO - Knock-off'werenewhere' had pre/post ratio of 2.3751351798217875 saving for placebo.
2024-04-12 12:19:00,406 - INFO - Knock-off'gardenlockdown' had pre/post ratio of 2.309668905481303 saving for placebo.
2024-04-12 12:19:04,439 - INFO - Knock-off'thepotatoz' had pre/post ratio of 3.745255970066717 saving for placebo.
2024-04-12 12:19:07,925 - INFO - Knock-off'tinytails' had pre/post ratio of 1.2893526075598467 saving for placebo.
2024-04-12 12:19:09,995 - INFO - Knock-off'the-littles-frens-nft' had pre/post ratio of 2.3196534875305663 saving for placebo.
2024-04-12 12:19:13,645 - INFO - Knock-off'tigerbobnft-genesis' had pre/post ratio of 1.1027218226587876 saving for placebo.
2024-04-12 12:19:17,682 - INFO - Creating synths for 'cryptopunks'.
2024-04-12 12:19:33,314 - INFO - Knock-off'rockerpunks' had pre/post ratio of 1.5440799392715399 saving for placebo.
2024-04-12 12:19:34,808 - INFO - Knock-off'crypto-phunks' had pre/post ratio of 2.2864746714426585 saving for placebo.
2024-04-12 12:20:10,419 - INFO - Knock-off'uneternal-cyberpunks' had pre/post ratio of 1.4230782380126978 saving for placebo.
2024-04-12 12:20:10,430 - INFO - Error encountered on Knock-off'official-v1-punks'
2024-04-12 12:20:18,865 - INFO - Knock-off'v1-phunks' had pre/post ratio of 1.5489437172242035 saving for placebo.
2024-04-12 12:20:45,971 - INFO - Knock-off'kryptothugs' had pre/post ratio of 1.3000876458850763 saving for placebo.
2024-04-12 12:21:25,298 - INFO - Knock-off'clonedead' had pre/post ratio of 1.5173146191626268 saving for placebo.
2024-04-12 12:21:27,719 - INFO - Knock-off'fastfoodpunks' had pre/post ratio of 3.0598600800404703 saving for placebo.
2024-04-12 12:21:29,535 - INFO - Error encountered on Knock-off'bladerunner-punks'
2024-04-12 12:21:30,519 - INFO - Knock-off'punkforce' had pre/post ratio of 2.243760442022396 saving for placebo.
2024-04-12 12:21:34,548 - INFO - Knock-off'zunkz' had pre/post ratio of 6.163666678386346 saving for placebo.
2024-04-12 12:22:03,152 - INFO - Knock-off'dabrics-nft' had pre/post ratio of 1.236270065944905 saving for placebo.
2024-04-12 12:22:11,093 - INFO - Knock-off'cryptophunksv4' had pre/post ratio of 1.616615796417548 saving for placebo.
2024-04-12 12:22:17,993 - INFO - Knock-off'blue-monday-punks' had pre/post ratio of 1.4832068577568183 saving for placebo.
2024-04-12 12:22:56,629 - INFO - Knock-off'steamboat-punks' had pre/post ratio of 1.4753148934879237 saving for placebo.
2024-04-12 12:23:05,554 - INFO - Knock-off'piratepunksnft' had pre/post ratio of 9.123002677870842 saving for placebo.
2024-04-12 12:23:12,103 - INFO - Knock-off'rare-crypto-pepunks' had pre/post ratio of 1.5130833175361567 saving for placebo.
2024-04-12 12:23:22,354 - INFO - Knock-off'expansionpunks' had pre/post ratio of 8.509216752657471 saving for placebo.
2024-04-12 12:23:29,212 - INFO - Knock-off'fastfoodpunks2' had pre/post ratio of 1.1609471654350296 saving for placebo.
2024-04-12 12:23:56,747 - INFO - Knock-off'puzlpunks' had pre/post ratio of 1.4160642469622144 saving for placebo.
2024-04-12 12:24:00,856 - INFO - Knock-off'anonymous-punkz' had pre/post ratio of 1.9606869921878864 saving for placebo.
2024-04-12 12:24:28,208 - INFO - Knock-off'theturksnft' had pre/post ratio of 1.7708080760318372 saving for placebo.
2024-04-12 12:25:00,547 - INFO - Knock-off'zach-punk' had pre/post ratio of 1.3215761319909423 saving for placebo.
2024-04-12 12:25:08,105 - INFO - Knock-off'jobless-punks-official' had pre/post ratio of 1.4876138006342887 saving for placebo.
2024-04-12 12:25:15,804 - INFO - Knock-off'dystopunks' had pre/post ratio of 2.261858974770776 saving for placebo.
2024-04-12 12:25:59,227 - INFO - Knock-off'nounpunks-eth' had pre/post ratio of 2.8317018610422084 saving for placebo.
2024-04-12 12:26:27,668 - INFO - Knock-off'thekuwaitis' had pre/post ratio of 1.7356189046736676 saving for placebo.
2024-04-12 12:26:43,484 - INFO - Knock-off'wkon-punks-rich-club' had pre/post ratio of 1.312267838734247 saving for placebo.
2024-04-12 12:27:20,550 - INFO - Knock-off'nodepunkes' had pre/post ratio of 1.4611250299142176 saving for placebo.
2024-04-12 12:27:24,549 - INFO - Knock-off'teen-punks-nft' had pre/post ratio of 1.9606869921878864 saving for placebo.
2024-04-12 12:27:49,789 - INFO - Knock-off'crypto-marcs' had pre/post ratio of 1.686568458563463 saving for placebo.
2024-04-12 12:27:59,389 - INFO - Knock-off'treehousepunks' had pre/post ratio of 1.3549991177856153 saving for placebo.
2024-04-12 12:28:01,220 - INFO - Knock-off'larva-eggs' had pre/post ratio of 1.8597690798399298 saving for placebo.
2024-04-12 12:28:29,373 - INFO - Knock-off'base-phunks-eth' had pre/post ratio of 1.372548037342057 saving for placebo.
2024-04-12 12:28:37,138 - INFO - Knock-off'chadsgpt' had pre/post ratio of 1.4396543596321039 saving for placebo.
2024-04-12 12:28:41,101 - INFO - Knock-off'punk-degenz' had pre/post ratio of 1.3227931121258862 saving for placebo.
2024-04-12 12:28:51,168 - INFO - Knock-off'deadpunksofficial' had pre/post ratio of 1.8728377164484038 saving for placebo.
2024-04-12 12:28:58,593 - INFO - Knock-off'punkphunkpunks' had pre/post ratio of 1.6753142219358046 saving for placebo.
2024-04-12 12:29:30,622 - INFO - Knock-off'thejapanesenft' had pre/post ratio of 1.686568458563463 saving for placebo.
2024-04-12 12:29:55,447 - INFO - Knock-off'rich-punks-v2' had pre/post ratio of 1.7568879874850645 saving for placebo.
2024-04-12 12:29:56,438 - INFO - Knock-off'v3phunks' had pre/post ratio of 1.3840971409780674 saving for placebo.
2024-04-12 12:30:24,629 - INFO - Knock-off'altguys' had pre/post ratio of 1.2514750613498757 saving for placebo.
2024-04-12 12:30:35,170 - INFO - Knock-off'apepunks-co' had pre/post ratio of 6.639245139754538 saving for placebo.
2024-04-12 12:30:58,828 - INFO - Knock-off'cryptoburbsii' had pre/post ratio of 1.827133121737253 saving for placebo.
2024-04-12 12:31:09,959 - INFO - Knock-off'thepolacy' had pre/post ratio of 1.2999260082912347 saving for placebo.
2024-04-12 12:31:16,850 - INFO - Knock-off'bigbrainz-1' had pre/post ratio of 1.575842621082299 saving for placebo.
2024-04-12 12:31:42,126 - INFO - Knock-off'0xthesaudis-official' had pre/post ratio of 1.7568879874850645 saving for placebo.
2024-04-12 12:32:13,114 - INFO - Knock-off'springfieldpunksofficial' had pre/post ratio of 1.3860558076160305 saving for placebo.
2024-04-12 12:32:17,261 - INFO - Knock-off'cryptoapesnftsoff' had pre/post ratio of 1.1203288863428578 saving for placebo.
2024-04-12 12:32:45,518 - INFO - Knock-off'theminisaudis' had pre/post ratio of 1.786907014116834 saving for placebo.
2024-04-12 12:32:52,283 - INFO - Knock-off'covidpunksnft' had pre/post ratio of 5.423853717165073 saving for placebo.
2024-04-12 12:32:59,683 - INFO - Knock-off'obitsofficial' had pre/post ratio of 5.670727509549141 saving for placebo.
2024-04-12 12:33:13,443 - INFO - Knock-off'nekadead-skull-1' had pre/post ratio of 1.3577596688591813 saving for placebo.
2024-04-12 12:33:20,624 - INFO - Knock-off'robopunks2048' had pre/post ratio of 1.5088254516984867 saving for placebo.
2024-04-12 12:33:30,388 - INFO - Knock-off'pixelwooks' had pre/post ratio of 1.1556742196298697 saving for placebo.
2024-04-12 12:33:30,389 - INFO - Creating synths for 'degentoonz-collection'.
2024-04-12 12:33:36,861 - INFO - Creating synths for 'doodles-official'.
2024-04-12 12:33:48,881 - INFO - Knock-off'small-graffiti' had pre/post ratio of 1.1399141646592221 saving for placebo.
2024-04-12 12:33:57,635 - INFO - Knock-off'thealiendoogle' had pre/post ratio of 2.170601935728283 saving for placebo.
2024-04-12 12:34:13,452 - INFO - Knock-off'hoodles-official' had pre/post ratio of 1.4239684890296656 saving for placebo.
2024-04-12 12:34:55,799 - INFO - Knock-off'shibadoodles' had pre/post ratio of 1.1576006439794886 saving for placebo.
2024-04-12 12:34:58,797 - INFO - Knock-off'0xdoodlesnft' had pre/post ratio of 2.363148150775865 saving for placebo.
2024-04-12 12:35:00,283 - INFO - Knock-off'fortune-friends-club-official-nft' had pre/post ratio of 1.094302259046631 saving for placebo.
2024-04-12 12:35:21,360 - INFO - Knock-off'lilbrains' had pre/post ratio of 3.3000798140206005 saving for placebo.
2024-04-12 12:35:24,058 - INFO - Knock-off'coolapeclubofficial' had pre/post ratio of 3.320724950874711 saving for placebo.
2024-04-12 12:35:32,078 - INFO - Knock-off'phantadoodles' had pre/post ratio of 2.170601935728283 saving for placebo.
2024-04-12 12:35:54,717 - INFO - Knock-off'coodles' had pre/post ratio of 4.228371935928236 saving for placebo.
2024-04-12 12:35:56,966 - INFO - Knock-off'rainbowcatsnft' had pre/post ratio of 3.3000798140206005 saving for placebo.
2024-04-12 12:36:07,519 - INFO - Knock-off'noevilmonkeysnft' had pre/post ratio of 1.601447088950239 saving for placebo.
2024-04-12 12:36:25,064 - INFO - Knock-off'chillbearclub-genesis' had pre/post ratio of 1.1220698843056904 saving for placebo.
2024-04-12 12:36:28,290 - INFO - Knock-off'moshimochi' had pre/post ratio of 2.4198362617057096 saving for placebo.
2024-04-12 12:36:29,804 - INFO - Knock-off'jukisammy' had pre/post ratio of 1.1399141646592221 saving for placebo.
2024-04-12 12:36:44,443 - INFO - Knock-off'chill-princesses' had pre/post ratio of 1.8835238878703744 saving for placebo.
2024-04-12 12:36:47,586 - INFO - Knock-off'candyconytown' had pre/post ratio of 1.0959529078421681 saving for placebo.
2024-04-12 12:37:02,906 - INFO - Knock-off'invisibledoodlesnft' had pre/post ratio of 1.5196223102696755 saving for placebo.
2024-04-12 12:37:19,276 - INFO - Knock-off'coolboysofficial' had pre/post ratio of 1.9112608135939804 saving for placebo.
2024-04-12 12:37:20,490 - INFO - Knock-off'croodles' had pre/post ratio of 3.938246795643418 saving for placebo.
2024-04-12 12:38:00,199 - INFO - Knock-off'gutter-punks' had pre/post ratio of 1.5196223102696755 saving for placebo.
2024-04-12 12:38:16,017 - INFO - Knock-off'wonderpals' had pre/post ratio of 3.6042778229390904 saving for placebo.
2024-04-12 12:38:16,673 - INFO - Knock-off'cosmodinos-alpha' had pre/post ratio of 2.6295052338935045 saving for placebo.
2024-04-12 12:38:17,123 - INFO - Knock-off'mobs-and-aliens' had pre/post ratio of 1.084255877350206 saving for placebo.
2024-04-12 12:38:28,953 - INFO - Knock-off'smiliesgenesis' had pre/post ratio of 1.0484207909317627 saving for placebo.
2024-04-12 12:39:11,597 - INFO - Knock-off'theapefrens' had pre/post ratio of 1.8624854752931923 saving for placebo.
2024-04-12 12:39:39,174 - INFO - Knock-off'yogi-doods' had pre/post ratio of 1.9973056900566242 saving for placebo.
2024-04-12 12:39:43,401 - INFO - Knock-off'3l3phants-official' had pre/post ratio of 1.1075090806353654 saving for placebo.
2024-04-12 12:39:45,307 - INFO - Knock-off'phunkydoodles' had pre/post ratio of 3.0075975222507005 saving for placebo.
2024-04-12 12:39:46,274 - INFO - Knock-off'lazyloodles' had pre/post ratio of 2.761459938728815 saving for placebo.
2024-04-12 12:39:48,963 - INFO - Knock-off'schrtdingers-cat-nft' had pre/post ratio of 1.065341753692043 saving for placebo.
2024-04-12 12:40:29,829 - INFO - Knock-off'doodleduckiesofficial' had pre/post ratio of 1.976598949443346 saving for placebo.
2024-04-12 12:40:30,271 - INFO - Knock-off'cheeks-pepo' had pre/post ratio of 1.8628291286208651 saving for placebo.
2024-04-12 12:41:37,594 - INFO - Knock-off'we-are-flowers' had pre/post ratio of 1.6117393866892111 saving for placebo.
2024-04-12 12:41:54,768 - INFO - Knock-off'colorful-ape-club-official' had pre/post ratio of 2.053822906101521 saving for placebo.
2024-04-12 12:42:03,728 - INFO - Knock-off'coolmonkes' had pre/post ratio of 1.9416901963781223 saving for placebo.
2024-04-12 12:42:41,320 - INFO - Knock-off'larva-doods' had pre/post ratio of 3.3000798140206005 saving for placebo.
2024-04-12 12:42:50,627 - INFO - Knock-off'randomice' had pre/post ratio of 2.170601935728283 saving for placebo.
2024-04-12 12:43:08,850 - INFO - Knock-off'nuclear-rejects' had pre/post ratio of 1.077905651145592 saving for placebo.
2024-04-12 12:43:30,015 - INFO - Knock-off'rare-panthers' had pre/post ratio of 3.0540090718520716 saving for placebo.
2024-04-12 12:43:30,590 - INFO - Knock-off'little-lemon-friends' had pre/post ratio of 1.7745805782186959 saving for placebo.
2024-04-12 12:43:32,918 - INFO - Knock-off'chubbykaijudao' had pre/post ratio of 3.5263083100372405 saving for placebo.
2024-04-12 12:43:39,354 - INFO - Knock-off'thebeeings' had pre/post ratio of 2.366035238695038 saving for placebo.
2024-04-12 12:43:47,138 - INFO - Creating synths for 'forgottenruneswizardscult'.
2024-04-12 12:44:02,351 - INFO - Creating synths for 'genuine-undead'.
2024-04-12 12:44:09,189 - INFO - Knock-off'genuine-alive-nft' had pre/post ratio of 2.933883319678705 saving for placebo.
2024-04-12 12:44:09,509 - INFO - Knock-off'genuine-apes-official' had pre/post ratio of 1.0074440630411299 saving for placebo.
2024-04-12 12:44:10,519 - INFO - Knock-off'genuine-alien' had pre/post ratio of 2.0555906586369455 saving for placebo.
2024-04-12 12:44:12,108 - INFO - Creating synths for 'goblintownwtf'.
2024-04-12 12:46:14,351 - INFO - Creating synths for 'guttercatgang'.
2024-04-12 12:46:34,559 - INFO - Knock-off'topcatbeachclub' had pre/post ratio of 1.3606523146863456 saving for placebo.
2024-04-12 12:46:35,151 - INFO - Creating synths for 'hashmasks'.
2024-04-12 12:47:12,685 - INFO - Knock-off'foodfrogs' had pre/post ratio of 1.4835265551897547 saving for placebo.
2024-04-12 12:48:07,258 - INFO - Knock-off'unidentified-contract-6wo0qzqnra' had pre/post ratio of 1.981996998203043 saving for placebo.
2024-04-12 12:48:24,594 - INFO - Knock-off'stammemes' had pre/post ratio of 1.0198135276632456 saving for placebo.
2024-04-12 12:49:16,241 - INFO - Knock-off'dirty-flies' had pre/post ratio of 2.410510976826333 saving for placebo.
2024-04-12 12:49:54,752 - INFO - Knock-off'monaverse' had pre/post ratio of 1.2769377033415712 saving for placebo.
2024-04-12 12:50:21,888 - INFO - Knock-off'the-inhabitants-of-lyke-island' had pre/post ratio of 3.2740390989353294 saving for placebo.
2024-04-12 12:51:03,690 - INFO - Knock-off'harvmcmblocks' had pre/post ratio of 1.2487729698460175 saving for placebo.
2024-04-12 12:51:41,921 - INFO - Knock-off'mxnsters' had pre/post ratio of 1.4740385150713575 saving for placebo.
2024-04-12 12:52:14,737 - INFO - Knock-off'onigiri-pepes' had pre/post ratio of 1.7979301196954747 saving for placebo.
2024-04-12 12:52:18,890 - INFO - Knock-off'naughty-pippi' had pre/post ratio of 1.713594795368544 saving for placebo.
2024-04-12 12:52:28,430 - INFO - Knock-off'tyco-swagg-unchained' had pre/post ratio of 1.1120695248374375 saving for placebo.
2024-04-12 12:53:02,102 - INFO - Knock-off'ghostskullsnft' had pre/post ratio of 1.5166781374842573 saving for placebo.
2024-04-12 12:53:38,322 - INFO - Knock-off'babylonmisfits' had pre/post ratio of 1.5384587865575088 saving for placebo.
2024-04-12 12:54:19,594 - INFO - Knock-off'lovelesscitylimiteds' had pre/post ratio of 1.3967443763777225 saving for placebo.
2024-04-12 12:55:05,431 - INFO - Knock-off'women-in-vc' had pre/post ratio of 1.5605758503239544 saving for placebo.
2024-04-12 12:55:48,349 - INFO - Knock-off'epic-thundercat-character-pfp' had pre/post ratio of 5.516741053889548 saving for placebo.
2024-04-12 12:56:06,494 - INFO - Knock-off'moonpepesandfrens' had pre/post ratio of 2.647513868696979 saving for placebo.
2024-04-12 12:56:12,701 - INFO - Knock-off'substandardnfts' had pre/post ratio of 1.8518360226903565 saving for placebo.
2024-04-12 12:56:46,807 - INFO - Knock-off'riotgirls' had pre/post ratio of 1.4052688048041677 saving for placebo.
2024-04-12 12:56:50,124 - INFO - Knock-off'async-blueprints' had pre/post ratio of 2.0861452419119035 saving for placebo.
2024-04-12 12:57:22,982 - INFO - Knock-off'gloomersofficial' had pre/post ratio of 1.5500600501023534 saving for placebo.
2024-04-12 12:57:44,102 - INFO - Knock-off'remarkablewomennft' had pre/post ratio of 1.1348742598005535 saving for placebo.
2024-04-12 12:58:47,716 - INFO - Knock-off'jukiversenft' had pre/post ratio of 1.2387802583741354 saving for placebo.
2024-04-12 12:59:52,031 - INFO - Knock-off'regenz' had pre/post ratio of 1.0837966471424718 saving for placebo.
2024-04-12 13:00:19,987 - INFO - Knock-off'ensmaxis' had pre/post ratio of 1.2095052862928497 saving for placebo.
2024-04-12 13:00:55,427 - INFO - Knock-off'megamix' had pre/post ratio of 2.2200702383256767 saving for placebo.
2024-04-12 13:01:13,564 - INFO - Knock-off'monsterrehab' had pre/post ratio of 1.1867236438285984 saving for placebo.
2024-04-12 13:01:14,009 - INFO - Knock-off'ape-dao-remix' had pre/post ratio of 2.084836281252504 saving for placebo.
2024-04-12 13:02:29,770 - INFO - Knock-off'candy-hunters' had pre/post ratio of 1.4650440032234557 saving for placebo.
2024-04-12 13:03:21,371 - INFO - Knock-off'deadzxy' had pre/post ratio of 2.007222497146427 saving for placebo.
2024-04-12 13:03:30,793 - INFO - Knock-off'timepieces-x-robotos' had pre/post ratio of 2.380796659135788 saving for placebo.
2024-04-12 13:04:03,253 - INFO - Knock-off'kreepyclaim' had pre/post ratio of 1.4819507647892343 saving for placebo.
2024-04-12 13:04:27,077 - INFO - Knock-off'minion-rewards' had pre/post ratio of 2.8651483628752015 saving for placebo.
2024-04-12 13:04:34,973 - INFO - Knock-off'deathwish-extras' had pre/post ratio of 2.647513868696979 saving for placebo.
2024-04-12 13:05:12,357 - INFO - Knock-off'abstractars' had pre/post ratio of 1.1348742598005535 saving for placebo.
2024-04-12 13:06:00,353 - INFO - Knock-off'fudders' had pre/post ratio of 1.0128626946068044 saving for placebo.
2024-04-12 13:06:06,789 - INFO - Knock-off'holideez' had pre/post ratio of 2.2721799548846904 saving for placebo.
2024-04-12 13:06:13,171 - INFO - Knock-off'majo-genesis' had pre/post ratio of 1.0111136388021378 saving for placebo.
2024-04-12 13:06:44,395 - INFO - Knock-off'gutter-art-editions' had pre/post ratio of 5.935221480496474 saving for placebo.
2024-04-12 13:07:37,865 - INFO - Knock-off'ghxsts' had pre/post ratio of 1.2442915423995895 saving for placebo.
2024-04-12 13:07:41,023 - INFO - Knock-off'caringcreaturescollective' had pre/post ratio of 1.8518360226903565 saving for placebo.
2024-04-12 13:08:22,129 - INFO - Knock-off'juiceboxfrens' had pre/post ratio of 1.290004303788212 saving for placebo.
2024-04-12 13:08:56,420 - INFO - Knock-off'wtchs-' had pre/post ratio of 1.8347126285360567 saving for placebo.
2024-04-12 13:08:59,771 - INFO - Knock-off'scholarz' had pre/post ratio of 2.108967646386047 saving for placebo.
2024-04-12 13:09:47,686 - INFO - Knock-off'wzrds' had pre/post ratio of 1.5500600501023534 saving for placebo.
2024-04-12 13:10:24,757 - INFO - Knock-off'haogoodmanjollyexperience' had pre/post ratio of 1.3910492995563497 saving for placebo.
2024-04-12 13:10:24,757 - INFO - Creating synths for 'kaiju-kingz'.
2024-04-12 13:12:03,904 - INFO - Knock-off'galacticmonkes' had pre/post ratio of 1.1660226810940646 saving for placebo.
2024-04-12 13:13:14,453 - INFO - Knock-off'starwolvez-generative' had pre/post ratio of 3.9844515077765803 saving for placebo.
2024-04-12 13:13:32,755 - INFO - Knock-off'moondogz-official' had pre/post ratio of 1.0044807390533421 saving for placebo.
2024-04-12 13:13:32,755 - INFO - Creating synths for 'kanpai-pandas'.
2024-04-12 13:13:38,472 - INFO - Error encountered on Knock-off'sweetpalss'
2024-04-12 13:13:38,743 - INFO - Knock-off'cnpj-v2' had pre/post ratio of 1.0132532378095576 saving for placebo.
2024-04-12 13:13:39,520 - INFO - Knock-off'okcnp' had pre/post ratio of 3.181430256387483 saving for placebo.
2024-04-12 13:13:40,169 - INFO - Knock-off'ayahuasca-cats' had pre/post ratio of 1.126378017519853 saving for placebo.
2024-04-12 13:13:40,519 - INFO - Knock-off'cnp-students' had pre/post ratio of 1.0302689507218583 saving for placebo.
2024-04-12 13:13:41,750 - INFO - Knock-off'kekversebybasedpleb' had pre/post ratio of 1.2827669495672664 saving for placebo.
2024-04-12 13:13:42,014 - INFO - Knock-off'blubea-nft-official' had pre/post ratio of 1.1565325236831103 saving for placebo.
2024-04-12 13:13:42,313 - INFO - Knock-off'boringone' had pre/post ratio of 2.6167060942096736 saving for placebo.
2024-04-12 13:13:42,633 - INFO - Knock-off'boring-frog-v2' had pre/post ratio of 1.6386889779304588 saving for placebo.
2024-04-12 13:13:43,495 - INFO - Knock-off'fairyfiends' had pre/post ratio of 2.0496087314587506 saving for placebo.
2024-04-12 13:13:44,058 - INFO - Knock-off'chubbylittlejiras' had pre/post ratio of 1.5796887324831848 saving for placebo.
2024-04-12 13:13:44,058 - INFO - Creating synths for 'karafuru'.
2024-04-12 13:13:54,424 - INFO - Knock-off'shindonft-' had pre/post ratio of 1.1565418077070184 saving for placebo.
2024-04-12 13:14:23,196 - INFO - Knock-off'ad-trainers' had pre/post ratio of 1.2456762064835851 saving for placebo.
2024-04-12 13:14:23,640 - INFO - Knock-off'sweetpalss' had pre/post ratio of 1.623555013996158 saving for placebo.
2024-04-12 13:14:49,939 - INFO - Knock-off'epicbeast' had pre/post ratio of 1.4688909420848406 saving for placebo.
2024-04-12 13:14:50,587 - INFO - Knock-off'mlz' had pre/post ratio of 1.1174682122949613 saving for placebo.
2024-04-12 13:15:09,707 - INFO - Knock-off'khuga-by-khuga-labs' had pre/post ratio of 1.0189649086945387 saving for placebo.
2024-04-12 13:15:12,777 - INFO - Knock-off'lonely-lovers-club' had pre/post ratio of 1.1161427893222373 saving for placebo.
2024-04-12 13:15:55,965 - INFO - Knock-off'celephais-dreamers' had pre/post ratio of 1.0732158059280203 saving for placebo.
2024-04-12 13:16:16,689 - INFO - Knock-off'dreadfulz' had pre/post ratio of 1.3987919989304058 saving for placebo.
2024-04-12 13:18:45,968 - INFO - Knock-off'tastybonesxyz' had pre/post ratio of 1.078198691082352 saving for placebo.
2024-04-12 13:20:19,851 - INFO - Knock-off'candy-hunters' had pre/post ratio of 1.0365930479600838 saving for placebo.
2024-04-12 13:20:25,435 - INFO - Knock-off'lonelypop' had pre/post ratio of 1.1273624002877527 saving for placebo.
2024-04-12 13:20:27,519 - INFO - Knock-off'chubbylittlejiras' had pre/post ratio of 1.0704080152329143 saving for placebo.
2024-04-12 13:22:38,223 - INFO - Knock-off'thesaudisgoblin' had pre/post ratio of 1.0233684800784983 saving for placebo.
2024-04-12 13:22:58,731 - INFO - Error encountered on Knock-off'partysheepclub'
2024-04-12 13:24:22,760 - INFO - Knock-off'pepeunlimited' had pre/post ratio of 1.0486856437422072 saving for placebo.
2024-04-12 13:24:46,534 - INFO - Knock-off'chubbyanxiety' had pre/post ratio of 1.2077938711925322 saving for placebo.
2024-04-12 13:24:47,646 - INFO - Knock-off'fairyfiends' had pre/post ratio of 1.2598010247158171 saving for placebo.
2024-04-12 13:26:05,420 - INFO - Knock-off'mobs-and-aliens' had pre/post ratio of 1.05372697646265 saving for placebo.
2024-04-12 13:26:34,733 - INFO - Knock-off'broskeesnfts' had pre/post ratio of 1.3477221346367687 saving for placebo.
2024-04-12 13:26:35,629 - INFO - Knock-off'pudsypower' had pre/post ratio of 1.0732158059280203 saving for placebo.
2024-04-12 13:26:39,785 - INFO - Knock-off'hoodles-official' had pre/post ratio of 1.0477239359682247 saving for placebo.
2024-04-12 13:26:42,901 - INFO - Knock-off'rich-baby' had pre/post ratio of 1.4111124869708493 saving for placebo.
2024-04-12 13:27:16,719 - INFO - Knock-off'cat-civilization' had pre/post ratio of 1.0658036959531942 saving for placebo.
2024-04-12 13:27:40,397 - INFO - Knock-off'gnomeville' had pre/post ratio of 1.1149750065258244 saving for placebo.
2024-04-12 13:28:48,625 - INFO - Knock-off'tyco-swagg-unchained' had pre/post ratio of 1.4776700528264841 saving for placebo.
2024-04-12 13:29:41,612 - INFO - Knock-off'hushpuppiesnft' had pre/post ratio of 1.1054738174073735 saving for placebo.
2024-04-12 13:29:43,250 - INFO - Knock-off'jukisammy' had pre/post ratio of 1.1167133059578462 saving for placebo.
2024-04-12 13:30:29,035 - INFO - Knock-off'bullmarketbunniesnft' had pre/post ratio of 1.1167128456270146 saving for placebo.
2024-04-12 13:30:52,796 - INFO - Error encountered on Knock-off'headtripz'
2024-04-12 13:31:25,591 - INFO - Knock-off'luckyfrens' had pre/post ratio of 1.0846729940013267 saving for placebo.
2024-04-12 13:31:44,872 - INFO - Knock-off'wehavemovedcontractschecktwittermintingtoday' had pre/post ratio of 1.1167133059578462 saving for placebo.
2024-04-12 13:31:46,082 - INFO - Knock-off'troll-townbaby-wtf' had pre/post ratio of 1.116276183491911 saving for placebo.
2024-04-12 13:31:48,858 - INFO - Knock-off'moonlingsofficial' had pre/post ratio of 1.174250312929516 saving for placebo.
2024-04-12 13:31:48,865 - INFO - Error encountered on Knock-off'fomo-mofos'
2024-04-12 13:32:03,794 - INFO - Knock-off'yaypepe-club' had pre/post ratio of 1.0847549342430378 saving for placebo.
2024-04-12 13:32:08,351 - INFO - Knock-off'punkillaz-official' had pre/post ratio of 1.0984946311612267 saving for placebo.
2024-04-12 13:32:32,535 - INFO - Knock-off'minion-rewards' had pre/post ratio of 1.036496571226676 saving for placebo.
2024-04-12 13:33:37,790 - INFO - Knock-off'cryptodoodez' had pre/post ratio of 1.1273624002877527 saving for placebo.
2024-04-12 13:33:53,966 - INFO - Knock-off'lovelypop' had pre/post ratio of 1.1273624002877527 saving for placebo.
2024-04-12 13:34:08,893 - INFO - Creating synths for 'killergf'.
2024-04-12 13:34:18,931 - INFO - Knock-off'giryptoepics' had pre/post ratio of 1.1613783423097388 saving for placebo.
2024-04-12 13:34:30,565 - INFO - Knock-off'entershizuka' had pre/post ratio of 1.031152826219819 saving for placebo.
2024-04-12 13:34:32,401 - INFO - Error encountered on Knock-off'cyberninjaofficial'
2024-04-12 13:34:34,782 - INFO - Knock-off'angels-of-zeus' had pre/post ratio of 1.1364812945592755 saving for placebo.
2024-04-12 13:34:38,155 - INFO - Knock-off'juuni-zodia' had pre/post ratio of 1.5471589487088655 saving for placebo.
2024-04-12 13:34:46,255 - INFO - Knock-off'kasagi-supernova' had pre/post ratio of 1.5397436179304989 saving for placebo.
2024-04-12 13:34:58,333 - INFO - Knock-off'kizunagenesis' had pre/post ratio of 1.011616730980325 saving for placebo.
2024-04-12 13:35:20,236 - INFO - Knock-off'chinachic' had pre/post ratio of 1.0350373638155368 saving for placebo.
2024-04-12 13:35:27,818 - INFO - Knock-off'kureiji-nft-official' had pre/post ratio of 1.1331835814610025 saving for placebo.
2024-04-12 13:35:31,183 - INFO - Knock-off'inakatabi' had pre/post ratio of 1.3895686210760168 saving for placebo.
2024-04-12 13:35:41,143 - INFO - Knock-off'story-of-karuti' had pre/post ratio of 1.209071193561332 saving for placebo.
2024-04-12 13:35:42,584 - INFO - Knock-off'xana-genesis' had pre/post ratio of 1.4046160247926258 saving for placebo.
2024-04-12 13:35:47,664 - INFO - Knock-off'mentalcollege-nuos' had pre/post ratio of 1.0923024484052295 saving for placebo.
2024-04-12 13:35:54,264 - INFO - Knock-off'tales-of-tsuki-genesis' had pre/post ratio of 1.035011201699975 saving for placebo.
2024-04-12 13:35:57,680 - INFO - Knock-off'tokyoalternativegirls-v2' had pre/post ratio of 1.1797175884745792 saving for placebo.
2024-04-12 13:36:04,195 - INFO - Knock-off'aniborgz-alpha' had pre/post ratio of 1.2976169031939 saving for placebo.
2024-04-12 13:36:05,816 - INFO - Knock-off'inkugami' had pre/post ratio of 1.147524515613599 saving for placebo.
2024-04-12 13:36:05,816 - INFO - Creating synths for 'kiwami-genesis'.
2024-04-12 13:36:20,821 - INFO - Knock-off'rplanet-genesis' had pre/post ratio of 1.2188365894399198 saving for placebo.
2024-04-12 13:36:22,091 - INFO - Knock-off'astarprince' had pre/post ratio of 1.6730383375763387 saving for placebo.
2024-04-12 13:36:33,185 - INFO - Knock-off'hakinft-io' had pre/post ratio of 1.073676117217555 saving for placebo.
2024-04-12 13:36:33,190 - INFO - Error encountered on Knock-off'muribyfabrik'
2024-04-12 13:36:34,882 - INFO - Knock-off'monaki-beauties-1' had pre/post ratio of 2.4894872768345464 saving for placebo.
2024-04-12 13:36:38,043 - INFO - Knock-off'pownftofficial' had pre/post ratio of 1.0713845781433218 saving for placebo.
2024-04-12 13:36:40,068 - INFO - Knock-off'akyllersden' had pre/post ratio of 1.202372829496407 saving for placebo.
2024-04-12 13:36:40,074 - INFO - Error encountered on Knock-off'soulz-monogatari7777'
2024-04-12 13:36:46,406 - INFO - Knock-off'fzuki' had pre/post ratio of 1.0331814670447654 saving for placebo.
2024-04-12 13:36:46,412 - INFO - Error encountered on Knock-off'chinachic'
2024-04-12 13:36:52,844 - INFO - Knock-off'1984-worldwide' had pre/post ratio of 1.6343518814935987 saving for placebo.
2024-04-12 13:36:55,662 - INFO - Knock-off'streetmachinegenesis' had pre/post ratio of 1.1322590683635685 saving for placebo.
2024-04-12 13:36:59,229 - INFO - Knock-off'mentalcollege-nuos' had pre/post ratio of 2.095281000104559 saving for placebo.
2024-04-12 13:37:02,287 - INFO - Knock-off'impact-fantasy' had pre/post ratio of 1.7450549603988907 saving for placebo.
2024-04-12 13:37:05,720 - INFO - Knock-off'dusk-genesis' had pre/post ratio of 1.397944753932282 saving for placebo.
2024-04-12 13:37:12,762 - INFO - Knock-off'akistory' had pre/post ratio of 1.073676117217555 saving for placebo.
2024-04-12 13:37:14,776 - INFO - Knock-off'project-unleash-genesis' had pre/post ratio of 1.529295494406739 saving for placebo.
2024-04-12 13:37:16,624 - INFO - Knock-off'nioikemurinft' had pre/post ratio of 1.5823981111264194 saving for placebo.
2024-04-12 13:37:16,630 - INFO - Error encountered on Knock-off'bloopersbymetacitzn'
2024-04-12 13:37:18,555 - INFO - Knock-off'vivity-citizens' had pre/post ratio of 1.0943737617039735 saving for placebo.
2024-04-12 13:37:20,123 - INFO - Error encountered on Knock-off'mekazuki'
2024-04-12 13:37:22,337 - INFO - Knock-off'marahuyo' had pre/post ratio of 1.1114667092871784 saving for placebo.
2024-04-12 13:37:24,422 - INFO - Knock-off'valhalla' had pre/post ratio of 1.0485213515205825 saving for placebo.
2024-04-12 13:37:27,412 - INFO - Knock-off'the-cov3nant' had pre/post ratio of 1.3198876220691647 saving for placebo.
2024-04-12 13:37:33,593 - INFO - Knock-off'ppa-dealers' had pre/post ratio of 1.073676117217555 saving for placebo.
2024-04-12 13:37:35,029 - INFO - Knock-off'ad-astra-club-xyz' had pre/post ratio of 2.1097146768371444 saving for placebo.
2024-04-12 13:37:38,611 - INFO - Knock-off'daiki-genesis' had pre/post ratio of 1.3229104203631343 saving for placebo.
2024-04-12 13:37:42,776 - INFO - Knock-off'the-sevens-eve' had pre/post ratio of 1.2220280990588563 saving for placebo.
2024-04-12 13:37:45,743 - INFO - Knock-off'masters-of-blockchain' had pre/post ratio of 1.1569139129072203 saving for placebo.
2024-04-12 13:37:47,545 - INFO - Error encountered on Knock-off'hmkc'
2024-04-12 13:37:51,145 - INFO - Knock-off'miratashiofficial' had pre/post ratio of 1.170867358265447 saving for placebo.
2024-04-12 13:37:54,314 - INFO - Knock-off'metrograd-gen-2' had pre/post ratio of 1.8120366087284632 saving for placebo.
2024-04-12 13:37:56,100 - INFO - Knock-off'shylock' had pre/post ratio of 1.2243713039576205 saving for placebo.
2024-04-12 13:37:59,002 - INFO - Knock-off'axialgenesis' had pre/post ratio of 1.3408963484417764 saving for placebo.
2024-04-12 13:38:02,049 - INFO - Knock-off'rektwtf-reclaimed' had pre/post ratio of 1.790244762095761 saving for placebo.
2024-04-12 13:38:04,458 - INFO - Knock-off'mmmm-genesis-nft' had pre/post ratio of 1.3070926145459847 saving for placebo.
2024-04-12 13:38:06,226 - INFO - Knock-off'yuzaku' had pre/post ratio of 1.4408475618065848 saving for placebo.
2024-04-12 13:38:09,626 - INFO - Knock-off'giryptoepics' had pre/post ratio of 1.5409749992673056 saving for placebo.
2024-04-12 13:38:10,727 - INFO - Knock-off'cyberronin-haruka' had pre/post ratio of 1.3338620257807132 saving for placebo.
2024-04-12 13:38:13,842 - INFO - Knock-off'mutant-azuki' had pre/post ratio of 2.6356994441413906 saving for placebo.
2024-04-12 13:38:16,082 - INFO - Knock-off'drivrsofficial' had pre/post ratio of 1.8675703776744808 saving for placebo.
2024-04-12 13:38:18,330 - INFO - Knock-off'metamishima' had pre/post ratio of 1.5623658463977397 saving for placebo.
2024-04-12 13:38:22,791 - INFO - Knock-off'nifty-tailor-genesis' had pre/post ratio of 1.19562160700273 saving for placebo.
2024-04-12 13:38:27,934 - INFO - Knock-off'caroline-trading-club' had pre/post ratio of 1.5460642471919301 saving for placebo.
2024-04-12 13:38:28,909 - INFO - Knock-off'superordinaryfriends' had pre/post ratio of 1.80589810986416 saving for placebo.
2024-04-12 13:38:31,725 - INFO - Knock-off'theladyapes' had pre/post ratio of 1.0458789498830114 saving for placebo.
2024-04-12 13:38:32,325 - INFO - Knock-off'juuni-zodia' had pre/post ratio of 2.761361804655278 saving for placebo.
2024-04-12 13:38:33,659 - INFO - Knock-off'degodess-on-eth' had pre/post ratio of 2.815683789404212 saving for placebo.
2024-04-12 13:38:36,336 - INFO - Knock-off'projectkaito' had pre/post ratio of 1.129103508073518 saving for placebo.
2024-04-12 13:38:41,364 - INFO - Knock-off'boreddegodsyachtclub' had pre/post ratio of 1.0713845781433218 saving for placebo.
2024-04-12 13:38:51,722 - INFO - Knock-off'dokoverse' had pre/post ratio of 2.829002213124011 saving for placebo.
2024-04-12 13:38:53,860 - INFO - Knock-off'kprverse' had pre/post ratio of 1.096612739894301 saving for placebo.
2024-04-12 13:38:55,344 - INFO - Knock-off'degens-of-the-street' had pre/post ratio of 1.0871011580682695 saving for placebo.
2024-04-12 13:38:57,867 - INFO - Knock-off'hmn5' had pre/post ratio of 1.8675703776744808 saving for placebo.
2024-04-12 13:39:03,718 - INFO - Knock-off'griefwojakyachtclub' had pre/post ratio of 1.483328080963903 saving for placebo.
2024-04-12 13:39:04,489 - INFO - Knock-off'wandernauts' had pre/post ratio of 6.013470687924785 saving for placebo.
2024-04-12 13:39:06,260 - INFO - Knock-off'fridoos' had pre/post ratio of 1.2243713039576205 saving for placebo.
2024-04-12 13:39:09,806 - INFO - Knock-off'okay-renga' had pre/post ratio of 1.696550227988863 saving for placebo.
2024-04-12 13:39:10,953 - INFO - Knock-off'inakatabi' had pre/post ratio of 2.4033347226782285 saving for placebo.
2024-04-12 13:39:15,391 - INFO - Knock-off'archemist-genesis' had pre/post ratio of 1.5205949857179752 saving for placebo.
2024-04-12 13:39:16,218 - INFO - Creating synths for 'kprverse'.
2024-04-12 13:39:28,573 - INFO - Knock-off'giryptoepics' had pre/post ratio of 1.2941928233042803 saving for placebo.
2024-04-12 13:39:29,636 - INFO - Knock-off'sofa-vision' had pre/post ratio of 1.5695434162616462 saving for placebo.
2024-04-12 13:39:35,568 - INFO - Knock-off'1984-worldwide' had pre/post ratio of 2.663273843744745 saving for placebo.
2024-04-12 13:39:36,956 - INFO - Knock-off'hoshikonft' had pre/post ratio of 3.5188717863445635 saving for placebo.
2024-04-12 13:39:37,194 - INFO - Knock-off'zero48nft' had pre/post ratio of 1.2010385140191757 saving for placebo.
2024-04-12 13:39:38,317 - INFO - Knock-off'atticnovelnft' had pre/post ratio of 1.0249031459815072 saving for placebo.
2024-04-12 13:39:38,701 - INFO - Knock-off'hyakkiofficial' had pre/post ratio of 1.4777763740111953 saving for placebo.
2024-04-12 13:39:40,823 - INFO - Knock-off'chronicles-official' had pre/post ratio of 1.0419224226455894 saving for placebo.
2024-04-12 13:39:42,743 - INFO - Knock-off'azukielementals' had pre/post ratio of 1.0076366690520007 saving for placebo.
2024-04-12 13:39:46,306 - INFO - Knock-off'aniborgz-alpha' had pre/post ratio of 1.6815642679894016 saving for placebo.
2024-04-12 13:39:47,742 - INFO - Knock-off'codesekai' had pre/post ratio of 1.052612321625312 saving for placebo.
2024-04-12 13:39:47,981 - INFO - Knock-off'inkugami' had pre/post ratio of 1.2527081421103052 saving for placebo.
2024-04-12 13:39:48,219 - INFO - Knock-off'juuni-zodia' had pre/post ratio of 1.680728903299054 saving for placebo.
2024-04-12 13:39:48,226 - INFO - Error encountered on Knock-off'daiki-genesis'
2024-04-12 13:39:49,985 - INFO - Knock-off'inakatabi' had pre/post ratio of 1.2136398145966136 saving for placebo.
2024-04-12 13:39:51,936 - INFO - Knock-off'kasagi-supernova' had pre/post ratio of 1.7742981370701427 saving for placebo.
2024-04-12 13:39:52,588 - INFO - Knock-off'streetmachinegenesis' had pre/post ratio of 7.3978241706447285 saving for placebo.
2024-04-12 13:39:52,828 - INFO - Knock-off'starfold-city-warriors' had pre/post ratio of 1.2892809597263912 saving for placebo.
2024-04-12 13:39:53,460 - INFO - Knock-off'kizunagenesis' had pre/post ratio of 1.6687527999861327 saving for placebo.
2024-04-12 13:39:55,851 - INFO - Knock-off'digidaigakusupervillains' had pre/post ratio of 1.0613464727721644 saving for placebo.
2024-04-12 13:39:56,979 - INFO - Knock-off'dreamzukinft' had pre/post ratio of 1.0487246079645718 saving for placebo.
2024-04-12 13:39:59,363 - INFO - Knock-off'arcane-meta' had pre/post ratio of 2.158588832487526 saving for placebo.
2024-04-12 13:40:02,572 - INFO - Knock-off'arkaine' had pre/post ratio of 1.0033298897131564 saving for placebo.
2024-04-12 13:40:02,813 - INFO - Knock-off'valhalla-pepe' had pre/post ratio of 1.1038547537896553 saving for placebo.
2024-04-12 13:40:02,819 - INFO - Error encountered on Knock-off'archemist-genesis'
2024-04-12 13:40:02,828 - INFO - Error encountered on Knock-off'okimi-official'
2024-04-12 13:40:02,834 - INFO - Error encountered on Knock-off'rplanet-genesis'
2024-04-12 13:40:02,836 - INFO - Creating synths for 'lilpudgys'.
2024-04-12 13:40:10,598 - INFO - Error encountered on Knock-off'cabu-cats'
2024-04-12 13:40:11,152 - INFO - Knock-off'fortune-friends-club-official-nft' had pre/post ratio of 1.0548741363777556 saving for placebo.
2024-04-12 13:40:12,083 - INFO - Knock-off'dank-ducks-nft' had pre/post ratio of 1.0490864472142918 saving for placebo.
2024-04-12 13:40:12,758 - INFO - Knock-off'rare-panthers' had pre/post ratio of 2.0589098179972605 saving for placebo.
2024-04-12 13:40:13,058 - INFO - Knock-off'thealiendoogle' had pre/post ratio of 1.499825055261355 saving for placebo.
2024-04-12 13:40:13,338 - INFO - Knock-off'bubblefriends-nft' had pre/post ratio of 4.169498577244644 saving for placebo.
2024-04-12 13:40:14,368 - INFO - Knock-off'coolapeclubofficial' had pre/post ratio of 2.4149636307171747 saving for placebo.
2024-04-12 13:40:15,788 - INFO - Knock-off'pudgy-penguins-girls' had pre/post ratio of 1.1292568315250429 saving for placebo.
2024-04-12 13:40:16,595 - INFO - Knock-off'chill-princesses' had pre/post ratio of 1.5222029796070176 saving for placebo.
2024-04-12 13:40:18,122 - INFO - Knock-off'hoodles-official' had pre/post ratio of 1.1084192645681687 saving for placebo.
2024-04-12 13:40:18,612 - INFO - Knock-off'pudgy-azurbala' had pre/post ratio of 5.055023480273886 saving for placebo.
2024-04-12 13:40:19,094 - INFO - Creating synths for 'livesofasuna'.
2024-04-12 13:40:27,543 - INFO - Knock-off'kasagi-supernova' had pre/post ratio of 1.0369102678834394 saving for placebo.
2024-04-12 13:40:36,839 - INFO - Knock-off'sekushi-girls' had pre/post ratio of 5.045444325509306 saving for placebo.
2024-04-12 13:40:41,275 - INFO - Knock-off'ex-killer-gf' had pre/post ratio of 1.1104824277386531 saving for placebo.
2024-04-12 13:40:46,762 - INFO - Creating synths for 'metahero-generative'.
2024-04-12 13:40:52,774 - INFO - Error encountered on Knock-off'pixelvault-core'
2024-04-12 13:40:57,980 - INFO - Knock-off'hakinft-io' had pre/post ratio of 1.5086472722439854 saving for placebo.
2024-04-12 13:40:57,986 - INFO - Error encountered on Knock-off'thekillaz'
2024-04-12 13:41:13,561 - INFO - Knock-off'we-are-all-going-to-die' had pre/post ratio of 1.146989966591569 saving for placebo.
2024-04-12 13:41:19,002 - INFO - Knock-off'tronlegacy' had pre/post ratio of 1.1256264168963237 saving for placebo.
2024-04-12 13:41:27,167 - INFO - Knock-off'samuki' had pre/post ratio of 1.146989966591569 saving for placebo.
2024-04-12 13:41:27,385 - INFO - Knock-off'childrenofukiyoofficial' had pre/post ratio of 1.2593872834111295 saving for placebo.
2024-04-12 13:41:34,378 - INFO - Knock-off'exiled-dissident' had pre/post ratio of 1.0413863337374483 saving for placebo.
2024-04-12 13:41:38,929 - INFO - Knock-off'fzuki' had pre/post ratio of 1.45402085382513 saving for placebo.
2024-04-12 13:41:38,935 - INFO - Error encountered on Knock-off'bigbrainsociety'
2024-04-12 13:41:47,086 - INFO - Creating synths for 'mfers'.
2024-04-12 13:42:56,583 - INFO - Knock-off'mfersimpson' had pre/post ratio of 1.0198421716479122 saving for placebo.
2024-04-12 13:43:13,389 - INFO - Creating synths for 'milady'.
2024-04-12 13:48:29,449 - INFO - Creating synths for 'moonbirds-oddities'.
2024-04-12 13:48:37,105 - INFO - Knock-off'nutterz' had pre/post ratio of 1.2579042855230491 saving for placebo.
2024-04-12 13:48:40,669 - INFO - Knock-off'thepotatoz' had pre/post ratio of 4.828637685717286 saving for placebo.
2024-04-12 13:48:42,185 - INFO - Knock-off'cryptoalligatorswtf' had pre/post ratio of 1.1373674079739402 saving for placebo.
2024-04-12 13:48:42,185 - INFO - Creating synths for 'muribyfabrik'.
2024-04-12 13:49:01,884 - INFO - Knock-off'akyllersden' had pre/post ratio of 1.5619957785644563 saving for placebo.
2024-04-12 13:49:07,992 - INFO - Knock-off'fzuki' had pre/post ratio of 1.5788336187445318 saving for placebo.
2024-04-12 13:49:07,998 - INFO - Error encountered on Knock-off'entershizuka'
2024-04-12 13:49:10,353 - INFO - Knock-off'valhalla' had pre/post ratio of 1.457397523370399 saving for placebo.
2024-04-12 13:49:20,404 - INFO - Knock-off'hakinft-io' had pre/post ratio of 1.6271647498805932 saving for placebo.
2024-04-12 13:49:24,268 - INFO - Knock-off'pownftofficial' had pre/post ratio of 1.441476223451131 saving for placebo.
2024-04-12 13:49:33,937 - INFO - Knock-off'impact-fantasy' had pre/post ratio of 1.7546223461726502 saving for placebo.
2024-04-12 13:49:36,000 - INFO - Knock-off'zenogakki-official-genesis' had pre/post ratio of 2.368497673861717 saving for placebo.
2024-04-12 13:49:37,727 - INFO - Knock-off'1984-worldwide' had pre/post ratio of 1.432194712259916 saving for placebo.
2024-04-12 13:49:40,263 - INFO - Knock-off'project-unleash-genesis' had pre/post ratio of 1.5101121930240589 saving for placebo.
2024-04-12 13:49:43,679 - INFO - Knock-off'ikigaigenesis' had pre/post ratio of 2.3790796807114916 saving for placebo.
2024-04-12 13:49:47,597 - INFO - Knock-off'hertzcity' had pre/post ratio of 1.854947432042813 saving for placebo.
2024-04-12 13:49:50,096 - INFO - Knock-off'rplanet-genesis' had pre/post ratio of 1.1479475253408804 saving for placebo.
2024-04-12 13:49:52,571 - INFO - Knock-off'streetmachinegenesis' had pre/post ratio of 1.0842725321600213 saving for placebo.
2024-04-12 13:49:54,519 - INFO - Knock-off'daiki-genesis' had pre/post ratio of 1.2046008632098937 saving for placebo.
2024-04-12 13:50:01,705 - INFO - Knock-off'akistory' had pre/post ratio of 1.6271647498805932 saving for placebo.
2024-04-12 13:50:03,035 - INFO - Knock-off'projectino' had pre/post ratio of 2.497188429105666 saving for placebo.
2024-04-12 13:50:06,136 - INFO - Knock-off'childrenofukiyoofficial' had pre/post ratio of 1.59710723322742 saving for placebo.
2024-04-12 13:50:06,142 - INFO - Error encountered on Knock-off'chinachic'
2024-04-12 13:50:15,486 - INFO - Knock-off'cyberronin-haruka' had pre/post ratio of 1.1453500751279164 saving for placebo.
2024-04-12 13:50:19,961 - INFO - Knock-off'mentalcollege-nuos' had pre/post ratio of 1.8080176172986255 saving for placebo.
2024-04-12 13:50:21,735 - INFO - Knock-off'inakatabi' had pre/post ratio of 2.048267132589433 saving for placebo.
2024-04-12 13:50:24,591 - INFO - Knock-off'metrograd-gen-2' had pre/post ratio of 1.6361450584158213 saving for placebo.
2024-04-12 13:50:26,179 - INFO - Knock-off'rektwtf-reclaimed' had pre/post ratio of 1.5916278694080084 saving for placebo.
2024-04-12 13:50:30,269 - INFO - Knock-off'giryptoepics' had pre/post ratio of 1.3770907037051723 saving for placebo.
2024-04-12 13:50:32,316 - INFO - Knock-off'the-esion-club' had pre/post ratio of 1.686834903316718 saving for placebo.
2024-04-12 13:50:33,854 - INFO - Knock-off'grnd-fuo' had pre/post ratio of 1.5510690788072492 saving for placebo.
2024-04-12 13:50:38,446 - INFO - Knock-off'vivity-citizens' had pre/post ratio of 1.0670118333619256 saving for placebo.
2024-04-12 13:50:38,454 - INFO - Error encountered on Knock-off'mekazuki'
2024-04-12 13:50:40,509 - INFO - Knock-off'okimi-official' had pre/post ratio of 1.5989932481275528 saving for placebo.
2024-04-12 13:50:42,554 - INFO - Knock-off'suspect-arrested-by-trust-lab' had pre/post ratio of 1.3149301867404803 saving for placebo.
2024-04-12 13:50:43,397 - INFO - Knock-off'astarprince' had pre/post ratio of 1.225066429664734 saving for placebo.
2024-04-12 13:50:43,402 - INFO - Error encountered on Knock-off'hmkc'
2024-04-12 13:50:44,447 - INFO - Knock-off'nioikemurinft' had pre/post ratio of 1.7554064360723767 saving for placebo.
2024-04-12 13:50:53,145 - INFO - Knock-off'theaswangtribe' had pre/post ratio of 1.4041359925933237 saving for placebo.
2024-04-12 13:50:54,941 - INFO - Knock-off'sakura-jk-gacha' had pre/post ratio of 1.9008965212480007 saving for placebo.
2024-04-12 13:50:55,513 - INFO - Knock-off'mmmm-genesis-nft' had pre/post ratio of 1.0732812855529064 saving for placebo.
2024-04-12 13:50:57,766 - INFO - Knock-off'kprverse' had pre/post ratio of 1.0635394820277835 saving for placebo.
2024-04-12 13:50:59,188 - INFO - Knock-off'gozuki' had pre/post ratio of 2.497188429105666 saving for placebo.
2024-04-12 13:51:00,992 - INFO - Knock-off'exiled-dissident' had pre/post ratio of 1.686834903316718 saving for placebo.
2024-04-12 13:51:02,076 - INFO - Knock-off'viragonft' had pre/post ratio of 1.3257178202109914 saving for placebo.
2024-04-12 13:51:03,372 - INFO - Knock-off'archemist-genesis' had pre/post ratio of 1.3519170074973696 saving for placebo.
2024-04-12 13:51:10,113 - INFO - Knock-off'asiandisappointments' had pre/post ratio of 1.277051689347305 saving for placebo.
2024-04-12 13:51:11,874 - INFO - Knock-off'elenoir-the-hero' had pre/post ratio of 1.9008965212480007 saving for placebo.
2024-04-12 13:51:15,501 - INFO - Knock-off'juuni-zodia' had pre/post ratio of 2.1535911473698337 saving for placebo.
2024-04-12 13:51:18,977 - INFO - Knock-off'saibushi-genesis' had pre/post ratio of 1.34024889835869 saving for placebo.
2024-04-12 13:51:21,990 - INFO - Knock-off'okay-renga' had pre/post ratio of 1.7389631334216478 saving for placebo.
2024-04-12 13:51:26,941 - INFO - Knock-off'eien-origin' had pre/post ratio of 1.905041536559176 saving for placebo.
2024-04-12 13:51:29,528 - INFO - Knock-off'metazed' had pre/post ratio of 1.4636216560435962 saving for placebo.
2024-04-12 13:51:32,163 - INFO - Knock-off'masters-of-blockchain' had pre/post ratio of 1.4828378927820176 saving for placebo.
2024-04-12 13:51:33,936 - INFO - Creating synths for 'mutant-ape-yacht-club'.
2024-04-12 13:51:48,265 - INFO - Knock-off'the-mutant-saudi-apes' had pre/post ratio of 1.0413494433941322 saving for placebo.
2024-04-12 13:51:49,115 - INFO - Knock-off'mutantanatomyscienceapeclub' had pre/post ratio of 2.4947274360551246 saving for placebo.
2024-04-12 13:51:49,595 - INFO - Knock-off'mutantgrandpacountryclub' had pre/post ratio of 1.086593832064544 saving for placebo.
2024-04-12 13:51:50,246 - INFO - Knock-off'undead-pastel-club' had pre/post ratio of 2.5927013475682448 saving for placebo.
2024-04-12 13:51:50,511 - INFO - Knock-off'mutantgoblinape' had pre/post ratio of 1.0478816621537674 saving for placebo.
2024-04-12 13:51:50,894 - INFO - Knock-off'zombie-apes-official-nft' had pre/post ratio of 2.286756393456441 saving for placebo.
2024-04-12 13:51:51,852 - INFO - Knock-off'shitbeast' had pre/post ratio of 1.072882635254138 saving for placebo.
2024-04-12 13:51:52,393 - INFO - Knock-off'makc-m1' had pre/post ratio of 2.7211906319206873 saving for placebo.
2024-04-12 13:51:52,759 - INFO - Knock-off'cakedapesofficial' had pre/post ratio of 2.5537609705395843 saving for placebo.
2024-04-12 13:51:54,157 - INFO - Knock-off'nifty-tailor-genesis' had pre/post ratio of 2.286756393456441 saving for placebo.
2024-04-12 13:51:57,017 - INFO - Knock-off'dopeapeclubdao' had pre/post ratio of 1.1134739231862176 saving for placebo.
2024-04-12 13:51:58,266 - INFO - Knock-off'genetically-spliced-ape-labs' had pre/post ratio of 2.4947274360551246 saving for placebo.
2024-04-12 13:51:59,421 - INFO - Knock-off'uacofficial' had pre/post ratio of 2.3445101205391676 saving for placebo.
2024-04-12 13:52:00,902 - INFO - Knock-off'mutant-apewives' had pre/post ratio of 2.3652113599158273 saving for placebo.
2024-04-12 13:52:01,368 - INFO - Error encountered on Knock-off'bored-aztec-apes'
2024-04-12 13:52:02,850 - INFO - Knock-off'future-apedads' had pre/post ratio of 1.266841922622555 saving for placebo.
2024-04-12 13:52:05,351 - INFO - Knock-off'detonated-toonz' had pre/post ratio of 1.9709897847288675 saving for placebo.
2024-04-12 13:52:07,558 - INFO - Knock-off'earc' had pre/post ratio of 2.485331124862988 saving for placebo.
2024-04-12 13:52:10,483 - INFO - Knock-off'gnomeville' had pre/post ratio of 1.0607512433713886 saving for placebo.
2024-04-12 13:52:10,743 - INFO - Knock-off'bored-ape-beach-hut' had pre/post ratio of 1.0478816621537674 saving for placebo.
2024-04-12 13:52:11,949 - INFO - Creating synths for 'nakamigos'.
2024-04-12 13:54:19,564 - INFO - Knock-off'thesuperiors' had pre/post ratio of 1.370286530227338 saving for placebo.
2024-04-12 13:58:36,283 - INFO - Creating synths for 'official-v1-punks'.
2024-04-12 13:58:47,328 - INFO - Error encountered on Knock-off'wtphunks'
2024-04-12 13:59:00,454 - INFO - Knock-off'punkforce' had pre/post ratio of 3.4940127413318445 saving for placebo.
2024-04-12 13:59:26,387 - INFO - Knock-off'fastfoodpunks2' had pre/post ratio of 1.0621584372802904 saving for placebo.
2024-04-12 13:59:31,698 - INFO - Error encountered on Knock-off'deadpunksofficial'
2024-04-12 13:59:35,548 - INFO - Knock-off'kevin-wunks' had pre/post ratio of 1.1442995805763152 saving for placebo.
2024-04-12 13:59:49,856 - INFO - Error encountered on Knock-off'larva-eggs'
2024-04-12 14:00:07,040 - INFO - Knock-off'pixelwooks' had pre/post ratio of 1.3910005959971472 saving for placebo.
2024-04-12 14:00:07,040 - INFO - Creating synths for 'phantabear'.
2024-04-12 14:00:14,109 - INFO - Knock-off'sweetpalss' had pre/post ratio of 1.6623033561893852 saving for placebo.
2024-04-12 14:01:09,507 - INFO - Knock-off'dreadfulz' had pre/post ratio of 1.9014385733630588 saving for placebo.
2024-04-12 14:01:31,316 - INFO - Knock-off'karafuru' had pre/post ratio of 1.3867672367983468 saving for placebo.
2024-04-12 14:03:04,913 - INFO - Error encountered on Knock-off'semisupersofficial'
2024-04-12 14:04:44,648 - INFO - Knock-off'oddstronauts' had pre/post ratio of 1.238286020084828 saving for placebo.
2024-04-12 14:04:46,058 - INFO - Knock-off'pudsypower' had pre/post ratio of 1.0522536923981305 saving for placebo.
2024-04-12 14:06:54,512 - INFO - Knock-off'boneheadz-official' had pre/post ratio of 1.0491835655729982 saving for placebo.
2024-04-12 14:06:57,805 - INFO - Knock-off'edenhorde-official' had pre/post ratio of 1.4654548740934914 saving for placebo.
2024-04-12 14:06:57,805 - INFO - Creating synths for 'proof-moonbirds'.
2024-04-12 14:07:05,783 - INFO - Knock-off'boonmirds' had pre/post ratio of 1.008623176650672 saving for placebo.
2024-04-12 14:07:06,751 - INFO - Knock-off'freebirds-collection' had pre/post ratio of 1.008623176650672 saving for placebo.
2024-04-12 14:07:09,649 - INFO - Knock-off'bitcoinbirdsofficial' had pre/post ratio of 1.0987806188932288 saving for placebo.
2024-04-12 14:07:31,270 - INFO - Error encountered on Knock-off'moon-birbs'
2024-04-12 14:08:24,695 - INFO - Knock-off'starbirds' had pre/post ratio of 2.5615980712610478 saving for placebo.
2024-04-12 14:08:26,334 - INFO - Knock-off'alienbirds' had pre/post ratio of 1.0906144136681248 saving for placebo.
2024-04-12 14:08:27,720 - INFO - Knock-off'birbs-friend' had pre/post ratio of 1.0122210006694834 saving for placebo.
2024-04-12 14:08:55,019 - INFO - Knock-off'downbirdsnft' had pre/post ratio of 1.0185930858651495 saving for placebo.
2024-04-12 14:09:20,086 - INFO - Knock-off'soonbirds' had pre/post ratio of 1.443694232954708 saving for placebo.
2024-04-12 14:09:20,086 - INFO - Creating synths for 'pudgypenguins'.
2024-04-12 14:09:28,082 - INFO - Knock-off'coolpenguinswtf' had pre/post ratio of 2.677071653658655 saving for placebo.
2024-04-12 14:09:28,450 - INFO - Knock-off'pudgy-penguins-girls' had pre/post ratio of 2.253691324016112 saving for placebo.
2024-04-12 14:09:28,941 - INFO - Knock-off'sappypenguinsnft' had pre/post ratio of 3.0311490010117312 saving for placebo.
2024-04-12 14:09:29,496 - INFO - Knock-off'pudgy-azurbala' had pre/post ratio of 1.2512963298601376 saving for placebo.
2024-04-12 14:09:30,172 - INFO - Knock-off'penguinspixelworld' had pre/post ratio of 2.238268135969951 saving for placebo.
2024-04-12 14:09:30,823 - INFO - Knock-off'pudgy-pandas-official' had pre/post ratio of 1.6123032954315697 saving for placebo.
2024-04-12 14:09:31,349 - INFO - Knock-off'pudgytown' had pre/post ratio of 2.2801877549089107 saving for placebo.
2024-04-12 14:09:31,903 - INFO - Knock-off'sappy-seal-yacht-club' had pre/post ratio of 1.2512963298601376 saving for placebo.
2024-04-12 14:09:34,310 - INFO - Knock-off'stakedseals' had pre/post ratio of 1.0049655126731025 saving for placebo.
2024-04-12 14:09:35,971 - INFO - Knock-off'oot-origins' had pre/post ratio of 1.2227198280249192 saving for placebo.
2024-04-12 14:09:36,334 - INFO - Knock-off'pudgy-pepes' had pre/post ratio of 2.3101125219837195 saving for placebo.
2024-04-12 14:09:39,338 - INFO - Knock-off'rare-panthers' had pre/post ratio of 1.775277562128479 saving for placebo.
2024-04-12 14:09:48,324 - INFO - Knock-off'cabu-cats' had pre/post ratio of 1.2135387587138389 saving for placebo.
2024-04-12 14:09:48,958 - INFO - Knock-off'iamslothnft' had pre/post ratio of 1.4167450742682661 saving for placebo.
2024-04-12 14:09:52,439 - INFO - Knock-off'lumi-paradox' had pre/post ratio of 3.577377547372046 saving for placebo.
2024-04-12 14:09:55,398 - INFO - Knock-off'coolapeclubofficial' had pre/post ratio of 1.7799232059025683 saving for placebo.
2024-04-12 14:09:57,560 - INFO - Knock-off'the-moonkysnft' had pre/post ratio of 1.9146543274411894 saving for placebo.
2024-04-12 14:09:57,986 - INFO - Knock-off'party-penguins' had pre/post ratio of 1.5680202835579782 saving for placebo.
2024-04-12 14:09:59,238 - INFO - Knock-off'fortune-friends-club-official-nft' had pre/post ratio of 1.6947060601415769 saving for placebo.
2024-04-12 14:10:00,385 - INFO - Knock-off'beepos' had pre/post ratio of 1.7971489996538903 saving for placebo.
2024-04-12 14:10:03,671 - INFO - Knock-off'pudgy-gobblers' had pre/post ratio of 1.2871468323134567 saving for placebo.
2024-04-12 14:10:04,254 - INFO - Knock-off'spacecrocos' had pre/post ratio of 2.337061681145446 saving for placebo.
2024-04-12 14:10:11,626 - INFO - Knock-off'squishy-squad' had pre/post ratio of 1.2948065626102923 saving for placebo.
2024-04-12 14:10:12,201 - INFO - Knock-off'imaginaries-2' had pre/post ratio of 1.4678871042710393 saving for placebo.
2024-04-12 14:10:16,756 - INFO - Knock-off'boss-bunnies-nft-official' had pre/post ratio of 1.7354496758042794 saving for placebo.
2024-04-12 14:10:19,258 - INFO - Knock-off'lambduhs' had pre/post ratio of 1.583990066383321 saving for placebo.
2024-04-12 14:10:19,727 - INFO - Knock-off'panduhs' had pre/post ratio of 2.3229847163388597 saving for placebo.
2024-04-12 14:10:21,383 - INFO - Knock-off'poshpandas' had pre/post ratio of 1.6076245398756037 saving for placebo.
2024-04-12 14:10:28,920 - INFO - Knock-off'nuclear-rejects' had pre/post ratio of 1.129194622829821 saving for placebo.
2024-04-12 14:10:29,387 - INFO - Knock-off'owange-yacht-club' had pre/post ratio of 2.1443607411536196 saving for placebo.
2024-04-12 14:10:31,386 - INFO - Knock-off'koolkidsnft' had pre/post ratio of 1.3374279501203847 saving for placebo.
2024-04-12 14:10:31,751 - INFO - Knock-off'doodlespepes' had pre/post ratio of 1.6123032954315697 saving for placebo.
2024-04-12 14:10:32,155 - INFO - Knock-off'sweetiesnftofficial' had pre/post ratio of 1.486745328299554 saving for placebo.
2024-04-12 14:10:42,274 - INFO - Knock-off'kawaii-plushies-2' had pre/post ratio of 1.3819665234929983 saving for placebo.
2024-04-12 14:10:47,401 - INFO - Knock-off'voiceverse-genesis' had pre/post ratio of 1.3324327967922938 saving for placebo.
2024-04-12 14:10:48,779 - INFO - Knock-off'pudgy-karma' had pre/post ratio of 1.311075598056648 saving for placebo.
2024-04-12 14:10:52,772 - INFO - Knock-off'lilpudgys' had pre/post ratio of 1.8484501506546462 saving for placebo.
2024-04-12 14:10:53,387 - INFO - Knock-off'trekkinftofficial' had pre/post ratio of 1.8307051056109884 saving for placebo.
2024-04-12 14:10:54,043 - INFO - Knock-off'beanbagfrens-nft' had pre/post ratio of 1.5667995014751763 saving for placebo.
2024-04-12 14:10:55,062 - INFO - Knock-off'chill-frogs' had pre/post ratio of 1.6484123494136176 saving for placebo.
2024-04-12 14:10:57,182 - INFO - Knock-off'foxyhounds' had pre/post ratio of 1.8421740627414074 saving for placebo.
2024-04-12 14:10:58,339 - INFO - Knock-off'0xdoodlesnft' had pre/post ratio of 1.7971489996538903 saving for placebo.
2024-04-12 14:11:00,427 - INFO - Knock-off'sealzzz' had pre/post ratio of 1.2063888164705519 saving for placebo.
2024-04-12 14:11:00,427 - INFO - Creating synths for 'pxnghostdivision'.
2024-04-12 14:11:10,197 - INFO - Knock-off'zenogakki-official-genesis' had pre/post ratio of 1.1410872451453933 saving for placebo.
2024-04-12 14:12:45,742 - INFO - Knock-off'baecafe-s2' had pre/post ratio of 1.0791931559032046 saving for placebo.
2024-04-12 14:12:45,743 - INFO - Creating synths for 'rare-apepes'.
2024-04-12 14:12:53,661 - INFO - Knock-off'ladyrareapepeyachtclub' had pre/post ratio of 1.3466103798476858 saving for placebo.
2024-04-12 14:12:56,089 - INFO - Knock-off'lil-rare-apepe-yc' had pre/post ratio of 1.152330101300362 saving for placebo.
2024-04-12 14:12:57,759 - INFO - Knock-off'badass-rare-apepes' had pre/post ratio of 1.1158400137222886 saving for placebo.
2024-04-12 14:12:58,083 - INFO - Knock-off'anatomy-rare-apepe-yc' had pre/post ratio of 1.3103095454673943 saving for placebo.
2024-04-12 14:13:00,257 - INFO - Knock-off'bored-rare-apepe-yc' had pre/post ratio of 1.3466103798476858 saving for placebo.
2024-04-12 14:13:02,539 - INFO - Knock-off'rareapepegrlzyc' had pre/post ratio of 1.3466103798476858 saving for placebo.
2024-04-12 14:13:02,539 - INFO - Creating synths for 'remilio-babies'.
2024-04-12 14:13:08,983 - INFO - Knock-off'kawamii' had pre/post ratio of 1.2180401996196606 saving for placebo.
2024-04-12 14:13:11,576 - INFO - Knock-off'sadbros95' had pre/post ratio of 2.9630218782316056 saving for placebo.
2024-04-12 14:13:13,362 - INFO - Knock-off'radhoe' had pre/post ratio of 1.7700889148735073 saving for placebo.
2024-04-12 14:13:14,752 - INFO - Knock-off'bitcoin-miladys' had pre/post ratio of 2.23900021842681 saving for placebo.
2024-04-12 14:13:15,258 - INFO - Knock-off'cake-hat-world-order' had pre/post ratio of 1.6952016928492386 saving for placebo.
2024-04-12 14:13:15,769 - INFO - Knock-off'hurt-hapas' had pre/post ratio of 1.2166915730704464 saving for placebo.
2024-04-12 14:13:19,589 - INFO - Knock-off'milordmaker-milordia' had pre/post ratio of 3.2682427683661173 saving for placebo.
2024-04-12 14:13:20,033 - INFO - Knock-off'pixeladymaker' had pre/post ratio of 1.5709842938815797 saving for placebo.
2024-04-12 14:13:20,377 - INFO - Knock-off'miladmaker' had pre/post ratio of 1.882084305906043 saving for placebo.
2024-04-12 14:13:22,063 - INFO - Knock-off'dadbros' had pre/post ratio of 3.1660670576380676 saving for placebo.
2024-04-12 14:13:22,917 - INFO - Knock-off'miladystationclassic' had pre/post ratio of 1.0685223512753785 saving for placebo.
2024-04-12 14:13:23,216 - INFO - Knock-off'mi1-dy' had pre/post ratio of 1.358402002761015 saving for placebo.
2024-04-12 14:13:23,556 - INFO - Knock-off'ghibladymaker' had pre/post ratio of 2.150945143932359 saving for placebo.
2024-04-12 14:13:25,215 - INFO - Knock-off'ordinal-miladys' had pre/post ratio of 1.6289243870170615 saving for placebo.
2024-04-12 14:13:25,722 - INFO - Knock-off'ultraviolence-kibbles' had pre/post ratio of 1.2166915730704464 saving for placebo.
2024-04-12 14:13:26,536 - INFO - Knock-off'sneedmaker' had pre/post ratio of 4.178806553343301 saving for placebo.
2024-04-12 14:13:26,794 - INFO - Knock-off'miladystation' had pre/post ratio of 1.2311419596097635 saving for placebo.
2024-04-12 14:13:28,568 - INFO - Knock-off'pepe-maker' had pre/post ratio of 3.4695368031156737 saving for placebo.
2024-04-12 14:13:28,905 - INFO - Knock-off'miladycolombia' had pre/post ratio of 4.295149646069057 saving for placebo.
2024-04-12 14:13:30,442 - INFO - Knock-off'conspiracy-lady-maker' had pre/post ratio of 1.1608401018381607 saving for placebo.
2024-04-12 14:13:33,167 - INFO - Knock-off'pudgy-milady' had pre/post ratio of 1.9340288858275902 saving for placebo.
2024-04-12 14:13:34,146 - INFO - Knock-off'milaidys' had pre/post ratio of 3.803815985931929 saving for placebo.
2024-04-12 14:13:35,931 - INFO - Knock-off'milady-maker-party' had pre/post ratio of 1.7700889148735073 saving for placebo.
2024-04-12 14:13:37,805 - INFO - Knock-off'killady' had pre/post ratio of 1.8771222832063068 saving for placebo.
2024-04-12 14:13:38,601 - INFO - Knock-off'negative-milady' had pre/post ratio of 1.035015430344372 saving for placebo.
2024-04-12 14:13:40,791 - INFO - Knock-off'loveposters' had pre/post ratio of 1.4251621595471315 saving for placebo.
2024-04-12 14:13:41,479 - INFO - Knock-off'slavbro-wee-bring-v2' had pre/post ratio of 1.2279358734133214 saving for placebo.
2024-04-12 14:13:41,819 - INFO - Knock-off'milady-maker-x-sprite' had pre/post ratio of 1.646448716768776 saving for placebo.
2024-04-12 14:13:42,180 - INFO - Knock-off'pixeladymaker-bc' had pre/post ratio of 1.2717448001248193 saving for placebo.
2024-04-12 14:13:42,786 - INFO - Knock-off'micent-van-gogh' had pre/post ratio of 1.2207995781395615 saving for placebo.
2024-04-12 14:13:42,786 - INFO - Creating synths for 'sappy-seals'.
2024-04-12 14:13:49,345 - INFO - Knock-off'stakedseals' had pre/post ratio of 1.0754119594115927 saving for placebo.
2024-04-12 14:14:47,233 - INFO - Knock-off'braqfrnds' had pre/post ratio of 1.1188227825818722 saving for placebo.
2024-04-12 14:15:36,683 - INFO - Knock-off'winterbears' had pre/post ratio of 1.6212822704615173 saving for placebo.
2024-04-12 14:16:02,560 - INFO - Knock-off'hushpuppiesnft' had pre/post ratio of 1.084545492733056 saving for placebo.
2024-04-12 14:16:13,777 - INFO - Error encountered on Knock-off'lambduhs'
2024-04-12 14:16:43,454 - INFO - Knock-off'chubbyanxiety' had pre/post ratio of 1.1606903278683678 saving for placebo.
2024-04-12 14:17:34,248 - INFO - Knock-off'bastard-penguins' had pre/post ratio of 1.5828522707619184 saving for placebo.
2024-04-12 14:19:51,311 - INFO - Creating synths for 'sneaky-vampire-syndicate'.
2024-04-12 14:19:57,312 - INFO - Knock-off'the-cov3nant' had pre/post ratio of 1.3292899172515384 saving for placebo.
2024-04-12 14:20:03,095 - INFO - Knock-off'nicefunzombies' had pre/post ratio of 2.7081792323307896 saving for placebo.
2024-04-12 14:20:14,094 - INFO - Knock-off'timelessnfts' had pre/post ratio of 1.449530288828909 saving for placebo.
2024-04-12 14:20:22,074 - INFO - Knock-off'ppa-dealers' had pre/post ratio of 1.2187518998576226 saving for placebo.
2024-04-12 14:20:29,151 - INFO - Knock-off'captainz-apes' had pre/post ratio of 1.4487743418923251 saving for placebo.
2024-04-12 14:20:37,214 - INFO - Knock-off'streetsmartskullies' had pre/post ratio of 1.0288303991369696 saving for placebo.
2024-04-12 14:20:40,300 - INFO - Knock-off'wildgoatgang' had pre/post ratio of 1.3315829531787156 saving for placebo.
2024-04-12 14:20:40,300 - INFO - Creating synths for 'supducks'.
2024-04-12 14:20:49,972 - INFO - Knock-off'mega-404-s1' had pre/post ratio of 1.2395204027318505 saving for placebo.
2024-04-12 14:20:59,468 - INFO - Knock-off'chud0' had pre/post ratio of 1.190306401475067 saving for placebo.
2024-04-12 14:20:59,468 - INFO - Creating synths for 'the-crypto-chicks'.
2024-04-12 14:21:08,953 - INFO - Knock-off'girlies-nft' had pre/post ratio of 6.111499117976637 saving for placebo.
2024-04-12 14:21:15,546 - INFO - Creating synths for 'thepotatoz'.
2024-04-12 14:22:44,125 - INFO - Error encountered on Knock-off'brawlerz-kingdom'
2024-04-12 14:23:28,470 - INFO - Creating synths for 'theshiboshis'.
2024-04-12 14:23:35,221 - INFO - Knock-off'meowlandnfts' had pre/post ratio of 1.7804753207796327 saving for placebo.
2024-04-12 14:23:37,896 - INFO - Creating synths for 'tubby-cats'.
2024-04-12 14:23:53,023 - INFO - Knock-off'familiarstudios' had pre/post ratio of 2.4566149646059623 saving for placebo.
2024-04-12 14:23:53,029 - INFO - Error encountered on Knock-off'candy-hunters'
2024-04-12 14:23:55,216 - INFO - Knock-off'mellows-web3-bakery' had pre/post ratio of 1.3360139126243669 saving for placebo.
2024-04-12 14:24:00,589 - INFO - Knock-off'cat-civilization' had pre/post ratio of 1.059223520309334 saving for placebo.
2024-04-12 14:24:02,328 - INFO - Knock-off'celephais-dreamers' had pre/post ratio of 1.0970497636089833 saving for placebo.
2024-04-12 14:24:05,387 - INFO - Knock-off'tereqn' had pre/post ratio of 1.285431640402574 saving for placebo.
2024-04-12 14:24:07,168 - INFO - Knock-off'pudgy-penguins-girls' had pre/post ratio of 1.0779804842593195 saving for placebo.
2024-04-12 14:24:07,168 - INFO - Creating synths for 'veefriends'.
2024-04-12 14:24:41,668 - INFO - Knock-off'bun-solos' had pre/post ratio of 1.0119168135986043 saving for placebo.
2024-04-12 14:24:51,666 - INFO - Knock-off'coolpetsnft' had pre/post ratio of 1.5147325711452475 saving for placebo.
2024-04-12 14:24:54,571 - INFO - Knock-off'pokemon-united' had pre/post ratio of 1.0799202615161039 saving for placebo.
2024-04-12 14:25:29,477 - INFO - Knock-off'gdrake' had pre/post ratio of 1.085249510440019 saving for placebo.
2024-04-12 14:25:34,477 - INFO - Knock-off'a-goober-a-day' had pre/post ratio of 1.0202149651277972 saving for placebo.
2024-04-12 14:25:49,105 - INFO - Knock-off'gobleanzwtf' had pre/post ratio of 1.208940409847349 saving for placebo.
2024-04-12 14:25:59,891 - INFO - Knock-off'mferdickbutts' had pre/post ratio of 1.0262578923189605 saving for placebo.
2024-04-12 14:26:08,624 - INFO - Knock-off'toys-and-treasures' had pre/post ratio of 1.0336275445608991 saving for placebo.
2024-04-12 14:26:28,756 - INFO - Creating synths for 'veefriends-series-2'.
2024-04-12 14:26:50,408 - INFO - Error encountered on Knock-off'nubbies-genesis'
2024-04-12 14:26:57,318 - INFO - Knock-off'chumchums-special' had pre/post ratio of 1.300047445400913 saving for placebo.
2024-04-12 14:28:39,854 - INFO - Error encountered on Knock-off'nekodarumas'
2024-04-12 14:29:05,457 - INFO - Creating synths for 'wonderpals'.
2024-04-12 14:29:18,994 - INFO - Knock-off'wu-ted-clan-collection' had pre/post ratio of 1.0742482871717898 saving for placebo.
2024-04-12 14:29:21,914 - INFO - Error encountered on Knock-off'shibadoodles'
2024-04-12 14:29:27,850 - INFO - Knock-off'coolboysofficial' had pre/post ratio of 1.667481352717038 saving for placebo.
2024-04-12 14:29:30,259 - INFO - Knock-off'meepsofficial' had pre/post ratio of 1.1009014730961215 saving for placebo.
2024-04-12 14:29:31,876 - INFO - Error encountered on Knock-off'cosmodinos-omega'
2024-04-12 14:29:33,971 - INFO - Knock-off'doodle-dood-nfts' had pre/post ratio of 1.7257425499061934 saving for placebo.
2024-04-12 14:29:45,965 - INFO - Knock-off'space-boo-official-nft' had pre/post ratio of 1.9092346936804059 saving for placebo.
2024-04-12 14:29:54,234 - INFO - Knock-off'gfsdhgfd' had pre/post ratio of 1.7498985515483703 saving for placebo.
2024-04-12 14:30:01,501 - INFO - Creating synths for 'world-of-women-galaxy'.
2024-04-12 14:30:13,062 - INFO - Knock-off'asian-identity-collection' had pre/post ratio of 2.678436139413004 saving for placebo.
2024-04-12 14:30:13,489 - INFO - Knock-off'ahegao-nft-official' had pre/post ratio of 1.110517879697964 saving for placebo.
2024-04-12 14:30:13,495 - INFO - Error encountered on Knock-off'women-from-venus'
2024-04-12 14:30:14,007 - INFO - Creating synths for 'world-of-women-nft'.
2024-04-12 14:30:30,912 - INFO - Knock-off'world-of-women-galaxy' had pre/post ratio of 1.1012842826003992 saving for placebo.
2024-04-12 14:30:31,924 - INFO - Knock-off'asian-identity-collection' had pre/post ratio of 2.9031168174594186 saving for placebo.
2024-04-12 14:30:34,664 - INFO - Knock-off'universeofwomen' had pre/post ratio of 1.0674124411789825 saving for placebo.
2024-04-12 14:30:35,108 - INFO - Knock-off'wow-pixies-v2' had pre/post ratio of 6.781727816776818 saving for placebo.
2024-04-12 14:30:35,556 - INFO - Knock-off'lovelywomens-world' had pre/post ratio of 1.6099806215381784 saving for placebo.
2024-04-12 14:30:47,615 - INFO - Knock-off'women-from-venus' had pre/post ratio of 1.6017088010930647 saving for placebo.
2024-04-12 14:30:48,785 - INFO - Knock-off'world-of-boys-official' had pre/post ratio of 3.5142478191167275 saving for placebo.
2024-04-12 14:30:49,225 - INFO - Knock-off'stardustgeneration' had pre/post ratio of 1.46427203264066 saving for placebo.
2024-04-12 14:31:13,789 - INFO - Knock-off'chillennials' had pre/post ratio of 1.191583790420957 saving for placebo.
2024-04-12 14:31:18,657 - INFO - Knock-off'stargals' had pre/post ratio of 1.5104444612367294 saving for placebo.
